#
# There is insufficient memory for the Java Runtime Environment to continue.
# Native memory allocation (malloc) failed to allocate 1249136 bytes for Chunk::new
# Possible reasons:
#   The system is out of physical RAM or swap space
#   The process is running with CompressedOops enabled, and the Java Heap may be blocking the growth of the native heap
# Possible solutions:
#   Reduce memory load on the system
#   Increase physical memory or swap space
#   Check if swap backing store is full
#   Decrease Java heap size (-Xmx/-Xms)
#   Decrease number of Java threads
#   Decrease Java thread stack sizes (-Xss)
#   Set larger code cache with -XX:ReservedCodeCacheSize=
#   JVM is running with Zero Based Compressed Oops mode in which the Java heap is
#     placed in the first 32GB address space. The Java Heap base address is the
#     maximum limit for the native heap growth. Please use -XX:HeapBaseMinAddress
#     to set the Java Heap base and to place the Java Heap above 32GB virtual address.
# This output file may be truncated or incomplete.
#
#  Out of Memory Error (./src/hotspot/share/memory/arena.cpp:197), pid=76012, tid=73644
#
# JRE version: OpenJDK Runtime Environment (11.0.11+9) (build 11.0.11+9-b60-7590822)
# Java VM: OpenJDK 64-Bit Server VM (11.0.11+9-b60-7590822, mixed mode, tiered, compressed oops, g1 gc, windows-amd64)
# No core dump will be written. Minidumps are not enabled by default on client versions of Windows
#

---------------  S U M M A R Y ------------

Command Line: org.jetbrains.kotlin.cli.jvm.K2JVMCompiler @C:\Proyectos Android Studio\Bookpedia\app\build\20220509_13796001017186537903.compiler.options

Host: Intel(R) Core(TM) i7-8550U CPU @ 1.80GHz, 8 cores, 11G,  Windows 10 , 64 bit Build 22000 (10.0.22000.613)
Time: Mon May  9 03:37:12 2022 Hora de verano central (México) elapsed time: 1.913789 seconds (0d 0h 0m 1s)

---------------  T H R E A D  ---------------

Current thread (0x00000253aa2cb800):  JavaThread "C2 CompilerThread0" daemon [_thread_in_native, id=73644, stack(0x000000dd45700000,0x000000dd45800000)]


Current CompileTask:
C2:   1913 2100   !   4       java.net.URL::<init> (543 bytes)

Stack: [0x000000dd45700000,0x000000dd45800000]
Native frames: (J=compiled Java code, j=interpreted, Vv=VM code, C=native code)
V  [jvm.dll+0x5f214a]
V  [jvm.dll+0x726fb5]
V  [jvm.dll+0x7285cd]
V  [jvm.dll+0x728c83]
V  [jvm.dll+0x243278]
V  [jvm.dll+0xbc53c]
V  [jvm.dll+0xbca3c]
V  [jvm.dll+0x353e3b]
V  [jvm.dll+0x321893]
V  [jvm.dll+0x320d8a]
V  [jvm.dll+0x1fc1e2]
V  [jvm.dll+0x1fb3d4]
V  [jvm.dll+0x183d6c]
V  [jvm.dll+0x209a57]
V  [jvm.dll+0x2082a1]
V  [jvm.dll+0x6ef58f]
V  [jvm.dll+0x6e80b5]
V  [jvm.dll+0x5f1036]
C  [ucrtbase.dll+0x26c0c]
C  [KERNEL32.DLL+0x154e0]
C  [ntdll.dll+0x485b]


---------------  P R O C E S S  ---------------

Threads class SMR info:
_java_thread_list=0x00000253aa47b6d0, length=12, elements={
0x000002538b062000, 0x00000253aa286800, 0x00000253aa287000, 0x00000253aa2c3000,
0x00000253aa2c5000, 0x00000253aa2c6800, 0x00000253aa2cb800, 0x00000253aa319800,
0x00000253aa31b800, 0x00000253aa481000, 0x00000253aa47f800, 0x00000253aa4cf000
}

Java Threads: ( => current thread )
  0x000002538b062000 JavaThread "main" [_thread_in_vm, id=77568, stack(0x000000dd44b00000,0x000000dd44c00000)]
  0x00000253aa286800 JavaThread "Reference Handler" daemon [_thread_blocked, id=81620, stack(0x000000dd45200000,0x000000dd45300000)]
  0x00000253aa287000 JavaThread "Finalizer" daemon [_thread_blocked, id=78308, stack(0x000000dd45300000,0x000000dd45400000)]
  0x00000253aa2c3000 JavaThread "Signal Dispatcher" daemon [_thread_blocked, id=79892, stack(0x000000dd45400000,0x000000dd45500000)]
  0x00000253aa2c5000 JavaThread "Attach Listener" daemon [_thread_blocked, id=74240, stack(0x000000dd45500000,0x000000dd45600000)]
  0x00000253aa2c6800 JavaThread "Service Thread" daemon [_thread_blocked, id=74372, stack(0x000000dd45600000,0x000000dd45700000)]
=>0x00000253aa2cb800 JavaThread "C2 CompilerThread0" daemon [_thread_in_native, id=73644, stack(0x000000dd45700000,0x000000dd45800000)]
  0x00000253aa319800 JavaThread "C1 CompilerThread0" daemon [_thread_blocked, id=80832, stack(0x000000dd45800000,0x000000dd45900000)]
  0x00000253aa31b800 JavaThread "Sweeper thread" daemon [_thread_blocked, id=77696, stack(0x000000dd45900000,0x000000dd45a00000)]
  0x00000253aa481000 JavaThread "Common-Cleaner" daemon [_thread_blocked, id=77528, stack(0x000000dd45b00000,0x000000dd45c00000)]
  0x00000253aa47f800 JavaThread "C2 CompilerThread1" daemon [_thread_blocked, id=80524, stack(0x000000dd45c00000,0x000000dd45d00000)]
  0x00000253aa4cf000 JavaThread "C2 CompilerThread2" daemon [_thread_in_native, id=79248, stack(0x000000dd45d00000,0x000000dd45e00000)]

Other Threads:
  0x00000253a9a7e000 VMThread "VM Thread" [stack: 0x000000dd45100000,0x000000dd45200000] [id=67124]
  0x00000253aa474000 WatcherThread [stack: 0x000000dd45a00000,0x000000dd45b00000] [id=81848]
  0x000002538b079000 GCTaskThread "GC Thread#0" [stack: 0x000000dd44c00000,0x000000dd44d00000] [id=81096]
  0x00000253aabe2000 GCTaskThread "GC Thread#1" [stack: 0x000000dd45e00000,0x000000dd45f00000] [id=22592]
  0x00000253aabe2800 GCTaskThread "GC Thread#2" [stack: 0x000000dd45f00000,0x000000dd46000000] [id=79152]
  0x00000253aabe3000 GCTaskThread "GC Thread#3" [stack: 0x000000dd46000000,0x000000dd46100000] [id=79140]
  0x000002538b0bf800 ConcurrentGCThread "G1 Main Marker" [stack: 0x000000dd44d00000,0x000000dd44e00000] [id=81636]
  0x000002538b0c2000 ConcurrentGCThread "G1 Conc#0" [stack: 0x000000dd44e00000,0x000000dd44f00000] [id=56020]
  0x00000253ab822000 ConcurrentGCThread "G1 Conc#1" [stack: 0x000000dd46100000,0x000000dd46200000] [id=46960]
  0x000002538b13e000 ConcurrentGCThread "G1 Refine#0" [stack: 0x000000dd44f00000,0x000000dd45000000] [id=76988]
  0x00000253a98e6800 ConcurrentGCThread "G1 Young RemSet Sampling" [stack: 0x000000dd45000000,0x000000dd45100000] [id=80308]

Threads with active compile tasks:
C2 CompilerThread0   1952 2100   !   4       java.net.URL::<init> (543 bytes)
C2 CompilerThread2   1952 1912   !   4       jdk.internal.loader.BuiltinClassLoader::loadClassOrNull (143 bytes)

VM state:not at safepoint (normal execution)

VM Mutex/Monitor currently owned by a thread: None

Heap address: 0x0000000741400000, size: 3052 MB, Compressed Oops mode: Zero based, Oop shift amount: 3
Narrow klass base: 0x0000000800000000, Narrow klass shift: 0
Compressed class space size: 1073741824 Address: 0x0000000800000000

Heap:
 garbage-first heap   total 196608K, used 23214K [0x0000000741400000, 0x0000000800000000)
  region size 1024K, 7 young (7168K), 6 survivors (6144K)
 Metaspace       used 32512K, capacity 32971K, committed 33280K, reserved 1079296K
  class space    used 3863K, capacity 4017K, committed 4096K, reserved 1048576K
Heap Regions: E=young(eden), S=young(survivor), O=old, HS=humongous(starts), HC=humongous(continues), CS=collection set, F=free, A=archive, TAMS=top-at-mark-start (previous, next)
|   0|0x0000000741400000, 0x0000000741500000, 0x0000000741500000|100%|HS|  |TAMS 0x0000000741500000, 0x0000000741400000| Complete 
|   1|0x0000000741500000, 0x0000000741600000, 0x0000000741600000|100%|HC|  |TAMS 0x0000000741600000, 0x0000000741500000| Complete 
|   2|0x0000000741600000, 0x0000000741700000, 0x0000000741700000|100%|HC|  |TAMS 0x0000000741700000, 0x0000000741600000| Complete 
|   3|0x0000000741700000, 0x0000000741800000, 0x0000000741800000|100%|HS|  |TAMS 0x0000000741700000, 0x0000000741700000| Complete 
|   4|0x0000000741800000, 0x0000000741900000, 0x0000000741900000|100%|HC|  |TAMS 0x0000000741800000, 0x0000000741800000| Complete 
|   5|0x0000000741900000, 0x0000000741a00000, 0x0000000741a00000|100%|HC|  |TAMS 0x0000000741900000, 0x0000000741900000| Complete 
|   6|0x0000000741a00000, 0x0000000741b00000, 0x0000000741b00000|100%|HS|  |TAMS 0x0000000741a00000, 0x0000000741a00000| Complete 
|   7|0x0000000741b00000, 0x0000000741c00000, 0x0000000741c00000|100%|HC|  |TAMS 0x0000000741b00000, 0x0000000741b00000| Complete 
|   8|0x0000000741c00000, 0x0000000741d00000, 0x0000000741d00000|100%|HC|  |TAMS 0x0000000741c00000, 0x0000000741c00000| Complete 
|   9|0x0000000741d00000, 0x0000000741e00000, 0x0000000741e00000|100%|HS|  |TAMS 0x0000000741d00000, 0x0000000741d00000| Complete 
|  10|0x0000000741e00000, 0x0000000741f00000, 0x0000000741f00000|100%|HC|  |TAMS 0x0000000741e00000, 0x0000000741e00000| Complete 
|  11|0x0000000741f00000, 0x0000000742000000, 0x0000000742000000|100%| O|  |TAMS 0x0000000741f00000, 0x0000000741f00000| Untracked 
|  12|0x0000000742000000, 0x0000000742100000, 0x0000000742100000|100%| O|  |TAMS 0x0000000742000000, 0x0000000742000000| Untracked 
|  13|0x0000000742100000, 0x0000000742200000, 0x0000000742200000|100%| O|  |TAMS 0x0000000742100000, 0x0000000742100000| Untracked 
|  14|0x0000000742200000, 0x0000000742300000, 0x0000000742300000|100%| O|  |TAMS 0x0000000742200000, 0x0000000742200000| Untracked 
|  15|0x0000000742300000, 0x0000000742400000, 0x0000000742400000|100%| O|  |TAMS 0x0000000742300000, 0x0000000742300000| Untracked 
|  16|0x0000000742400000, 0x0000000742500000, 0x0000000742500000|100%| O|  |TAMS 0x0000000742400000, 0x0000000742400000| Untracked 
|  17|0x0000000742500000, 0x0000000742509200, 0x0000000742600000|  3%| O|  |TAMS 0x0000000742500000, 0x0000000742500000| Untracked 
|  18|0x0000000742600000, 0x0000000742600000, 0x0000000742700000|  0%| F|  |TAMS 0x0000000742600000, 0x0000000742600000| Untracked 
|  19|0x0000000742700000, 0x0000000742700000, 0x0000000742800000|  0%| F|  |TAMS 0x0000000742700000, 0x0000000742700000| Untracked 
|  20|0x0000000742800000, 0x0000000742800000, 0x0000000742900000|  0%| F|  |TAMS 0x0000000742800000, 0x0000000742800000| Untracked 
|  21|0x0000000742900000, 0x0000000742900000, 0x0000000742a00000|  0%| F|  |TAMS 0x0000000742900000, 0x0000000742900000| Untracked 
|  22|0x0000000742a00000, 0x0000000742a00000, 0x0000000742b00000|  0%| F|  |TAMS 0x0000000742a00000, 0x0000000742a00000| Untracked 
|  23|0x0000000742b00000, 0x0000000742b00000, 0x0000000742c00000|  0%| F|  |TAMS 0x0000000742b00000, 0x0000000742b00000| Untracked 
|  24|0x0000000742c00000, 0x0000000742c00000, 0x0000000742d00000|  0%| F|  |TAMS 0x0000000742c00000, 0x0000000742c00000| Untracked 
|  25|0x0000000742d00000, 0x0000000742d00000, 0x0000000742e00000|  0%| F|  |TAMS 0x0000000742d00000, 0x0000000742d00000| Untracked 
|  26|0x0000000742e00000, 0x0000000742e00000, 0x0000000742f00000|  0%| F|  |TAMS 0x0000000742e00000, 0x0000000742e00000| Untracked 
|  27|0x0000000742f00000, 0x0000000742f00000, 0x0000000743000000|  0%| F|  |TAMS 0x0000000742f00000, 0x0000000742f00000| Untracked 
|  28|0x0000000743000000, 0x0000000743000000, 0x0000000743100000|  0%| F|  |TAMS 0x0000000743000000, 0x0000000743000000| Untracked 
|  29|0x0000000743100000, 0x0000000743100000, 0x0000000743200000|  0%| F|  |TAMS 0x0000000743100000, 0x0000000743100000| Untracked 
|  30|0x0000000743200000, 0x0000000743200000, 0x0000000743300000|  0%| F|  |TAMS 0x0000000743200000, 0x0000000743200000| Untracked 
|  31|0x0000000743300000, 0x0000000743300000, 0x0000000743400000|  0%| F|  |TAMS 0x0000000743300000, 0x0000000743300000| Untracked 
|  32|0x0000000743400000, 0x0000000743400000, 0x0000000743500000|  0%| F|  |TAMS 0x0000000743400000, 0x0000000743400000| Untracked 
|  33|0x0000000743500000, 0x0000000743500000, 0x0000000743600000|  0%| F|  |TAMS 0x0000000743500000, 0x0000000743500000| Untracked 
|  34|0x0000000743600000, 0x0000000743600000, 0x0000000743700000|  0%| F|  |TAMS 0x0000000743600000, 0x0000000743600000| Untracked 
|  35|0x0000000743700000, 0x0000000743700000, 0x0000000743800000|  0%| F|  |TAMS 0x0000000743700000, 0x0000000743700000| Untracked 
|  36|0x0000000743800000, 0x0000000743800000, 0x0000000743900000|  0%| F|  |TAMS 0x0000000743800000, 0x0000000743800000| Untracked 
|  37|0x0000000743900000, 0x0000000743900000, 0x0000000743a00000|  0%| F|  |TAMS 0x0000000743900000, 0x0000000743900000| Untracked 
|  38|0x0000000743a00000, 0x0000000743a00000, 0x0000000743b00000|  0%| F|  |TAMS 0x0000000743a00000, 0x0000000743a00000| Untracked 
|  39|0x0000000743b00000, 0x0000000743b00000, 0x0000000743c00000|  0%| F|  |TAMS 0x0000000743b00000, 0x0000000743b00000| Untracked 
|  40|0x0000000743c00000, 0x0000000743c00000, 0x0000000743d00000|  0%| F|  |TAMS 0x0000000743c00000, 0x0000000743c00000| Untracked 
|  41|0x0000000743d00000, 0x0000000743d00000, 0x0000000743e00000|  0%| F|  |TAMS 0x0000000743d00000, 0x0000000743d00000| Untracked 
|  42|0x0000000743e00000, 0x0000000743e00000, 0x0000000743f00000|  0%| F|  |TAMS 0x0000000743e00000, 0x0000000743e00000| Untracked 
|  43|0x0000000743f00000, 0x0000000743f00000, 0x0000000744000000|  0%| F|  |TAMS 0x0000000743f00000, 0x0000000743f00000| Untracked 
|  44|0x0000000744000000, 0x0000000744000000, 0x0000000744100000|  0%| F|  |TAMS 0x0000000744000000, 0x0000000744000000| Untracked 
|  45|0x0000000744100000, 0x0000000744100000, 0x0000000744200000|  0%| F|  |TAMS 0x0000000744100000, 0x0000000744100000| Untracked 
|  46|0x0000000744200000, 0x0000000744200000, 0x0000000744300000|  0%| F|  |TAMS 0x0000000744200000, 0x0000000744200000| Untracked 
|  47|0x0000000744300000, 0x0000000744300000, 0x0000000744400000|  0%| F|  |TAMS 0x0000000744300000, 0x0000000744300000| Untracked 
|  48|0x0000000744400000, 0x0000000744400000, 0x0000000744500000|  0%| F|  |TAMS 0x0000000744400000, 0x0000000744400000| Untracked 
|  49|0x0000000744500000, 0x0000000744500000, 0x0000000744600000|  0%| F|  |TAMS 0x0000000744500000, 0x0000000744500000| Untracked 
|  50|0x0000000744600000, 0x0000000744600000, 0x0000000744700000|  0%| F|  |TAMS 0x0000000744600000, 0x0000000744600000| Untracked 
|  51|0x0000000744700000, 0x0000000744700000, 0x0000000744800000|  0%| F|  |TAMS 0x0000000744700000, 0x0000000744700000| Untracked 
|  52|0x0000000744800000, 0x0000000744800000, 0x0000000744900000|  0%| F|  |TAMS 0x0000000744800000, 0x0000000744800000| Untracked 
|  53|0x0000000744900000, 0x0000000744900000, 0x0000000744a00000|  0%| F|  |TAMS 0x0000000744900000, 0x0000000744900000| Untracked 
|  54|0x0000000744a00000, 0x0000000744a00000, 0x0000000744b00000|  0%| F|  |TAMS 0x0000000744a00000, 0x0000000744a00000| Untracked 
|  55|0x0000000744b00000, 0x0000000744b00000, 0x0000000744c00000|  0%| F|  |TAMS 0x0000000744b00000, 0x0000000744b00000| Untracked 
|  56|0x0000000744c00000, 0x0000000744c00000, 0x0000000744d00000|  0%| F|  |TAMS 0x0000000744c00000, 0x0000000744c00000| Untracked 
|  57|0x0000000744d00000, 0x0000000744d00000, 0x0000000744e00000|  0%| F|  |TAMS 0x0000000744d00000, 0x0000000744d00000| Untracked 
|  58|0x0000000744e00000, 0x0000000744e00000, 0x0000000744f00000|  0%| F|  |TAMS 0x0000000744e00000, 0x0000000744e00000| Untracked 
|  59|0x0000000744f00000, 0x0000000744f00000, 0x0000000745000000|  0%| F|  |TAMS 0x0000000744f00000, 0x0000000744f00000| Untracked 
|  60|0x0000000745000000, 0x0000000745000000, 0x0000000745100000|  0%| F|  |TAMS 0x0000000745000000, 0x0000000745000000| Untracked 
|  61|0x0000000745100000, 0x0000000745100000, 0x0000000745200000|  0%| F|  |TAMS 0x0000000745100000, 0x0000000745100000| Untracked 
|  62|0x0000000745200000, 0x0000000745200000, 0x0000000745300000|  0%| F|  |TAMS 0x0000000745200000, 0x0000000745200000| Untracked 
|  63|0x0000000745300000, 0x0000000745300000, 0x0000000745400000|  0%| F|  |TAMS 0x0000000745300000, 0x0000000745300000| Untracked 
|  64|0x0000000745400000, 0x0000000745400000, 0x0000000745500000|  0%| F|  |TAMS 0x0000000745400000, 0x0000000745400000| Untracked 
|  65|0x0000000745500000, 0x0000000745500000, 0x0000000745600000|  0%| F|  |TAMS 0x0000000745500000, 0x0000000745500000| Untracked 
|  66|0x0000000745600000, 0x0000000745600000, 0x0000000745700000|  0%| F|  |TAMS 0x0000000745600000, 0x0000000745600000| Untracked 
|  67|0x0000000745700000, 0x0000000745700000, 0x0000000745800000|  0%| F|  |TAMS 0x0000000745700000, 0x0000000745700000| Untracked 
|  68|0x0000000745800000, 0x0000000745800000, 0x0000000745900000|  0%| F|  |TAMS 0x0000000745800000, 0x0000000745800000| Untracked 
|  69|0x0000000745900000, 0x0000000745900000, 0x0000000745a00000|  0%| F|  |TAMS 0x0000000745900000, 0x0000000745900000| Untracked 
|  70|0x0000000745a00000, 0x0000000745a00000, 0x0000000745b00000|  0%| F|  |TAMS 0x0000000745a00000, 0x0000000745a00000| Untracked 
|  71|0x0000000745b00000, 0x0000000745b00000, 0x0000000745c00000|  0%| F|  |TAMS 0x0000000745b00000, 0x0000000745b00000| Untracked 
|  72|0x0000000745c00000, 0x0000000745c00000, 0x0000000745d00000|  0%| F|  |TAMS 0x0000000745c00000, 0x0000000745c00000| Untracked 
|  73|0x0000000745d00000, 0x0000000745d00000, 0x0000000745e00000|  0%| F|  |TAMS 0x0000000745d00000, 0x0000000745d00000| Untracked 
|  74|0x0000000745e00000, 0x0000000745e00000, 0x0000000745f00000|  0%| F|  |TAMS 0x0000000745e00000, 0x0000000745e00000| Untracked 
|  75|0x0000000745f00000, 0x0000000745f00000, 0x0000000746000000|  0%| F|  |TAMS 0x0000000745f00000, 0x0000000745f00000| Untracked 
|  76|0x0000000746000000, 0x0000000746000000, 0x0000000746100000|  0%| F|  |TAMS 0x0000000746000000, 0x0000000746000000| Untracked 
|  77|0x0000000746100000, 0x0000000746100000, 0x0000000746200000|  0%| F|  |TAMS 0x0000000746100000, 0x0000000746100000| Untracked 
|  78|0x0000000746200000, 0x0000000746200000, 0x0000000746300000|  0%| F|  |TAMS 0x0000000746200000, 0x0000000746200000| Untracked 
|  79|0x0000000746300000, 0x0000000746300000, 0x0000000746400000|  0%| F|  |TAMS 0x0000000746300000, 0x0000000746300000| Untracked 
|  80|0x0000000746400000, 0x0000000746400000, 0x0000000746500000|  0%| F|  |TAMS 0x0000000746400000, 0x0000000746400000| Untracked 
|  81|0x0000000746500000, 0x0000000746500000, 0x0000000746600000|  0%| F|  |TAMS 0x0000000746500000, 0x0000000746500000| Untracked 
|  82|0x0000000746600000, 0x0000000746600000, 0x0000000746700000|  0%| F|  |TAMS 0x0000000746600000, 0x0000000746600000| Untracked 
|  83|0x0000000746700000, 0x0000000746700000, 0x0000000746800000|  0%| F|  |TAMS 0x0000000746700000, 0x0000000746700000| Untracked 
|  84|0x0000000746800000, 0x0000000746800000, 0x0000000746900000|  0%| F|  |TAMS 0x0000000746800000, 0x0000000746800000| Untracked 
|  85|0x0000000746900000, 0x0000000746900000, 0x0000000746a00000|  0%| F|  |TAMS 0x0000000746900000, 0x0000000746900000| Untracked 
|  86|0x0000000746a00000, 0x0000000746a00000, 0x0000000746b00000|  0%| F|  |TAMS 0x0000000746a00000, 0x0000000746a00000| Untracked 
|  87|0x0000000746b00000, 0x0000000746b00000, 0x0000000746c00000|  0%| F|  |TAMS 0x0000000746b00000, 0x0000000746b00000| Untracked 
|  88|0x0000000746c00000, 0x0000000746c00000, 0x0000000746d00000|  0%| F|  |TAMS 0x0000000746c00000, 0x0000000746c00000| Untracked 
|  89|0x0000000746d00000, 0x0000000746d00000, 0x0000000746e00000|  0%| F|  |TAMS 0x0000000746d00000, 0x0000000746d00000| Untracked 
|  90|0x0000000746e00000, 0x0000000746e00000, 0x0000000746f00000|  0%| F|  |TAMS 0x0000000746e00000, 0x0000000746e00000| Untracked 
|  91|0x0000000746f00000, 0x0000000746f00000, 0x0000000747000000|  0%| F|  |TAMS 0x0000000746f00000, 0x0000000746f00000| Untracked 
|  92|0x0000000747000000, 0x0000000747000000, 0x0000000747100000|  0%| F|  |TAMS 0x0000000747000000, 0x0000000747000000| Untracked 
|  93|0x0000000747100000, 0x0000000747100000, 0x0000000747200000|  0%| F|  |TAMS 0x0000000747100000, 0x0000000747100000| Untracked 
|  94|0x0000000747200000, 0x0000000747200000, 0x0000000747300000|  0%| F|  |TAMS 0x0000000747200000, 0x0000000747200000| Untracked 
|  95|0x0000000747300000, 0x0000000747300000, 0x0000000747400000|  0%| F|  |TAMS 0x0000000747300000, 0x0000000747300000| Untracked 
|  96|0x0000000747400000, 0x0000000747400000, 0x0000000747500000|  0%| F|  |TAMS 0x0000000747400000, 0x0000000747400000| Untracked 
|  97|0x0000000747500000, 0x0000000747500000, 0x0000000747600000|  0%| F|  |TAMS 0x0000000747500000, 0x0000000747500000| Untracked 
|  98|0x0000000747600000, 0x0000000747600000, 0x0000000747700000|  0%| F|  |TAMS 0x0000000747600000, 0x0000000747600000| Untracked 
|  99|0x0000000747700000, 0x0000000747700000, 0x0000000747800000|  0%| F|  |TAMS 0x0000000747700000, 0x0000000747700000| Untracked 
| 100|0x0000000747800000, 0x0000000747800000, 0x0000000747900000|  0%| F|  |TAMS 0x0000000747800000, 0x0000000747800000| Untracked 
| 101|0x0000000747900000, 0x0000000747900000, 0x0000000747a00000|  0%| F|  |TAMS 0x0000000747900000, 0x0000000747900000| Untracked 
| 102|0x0000000747a00000, 0x0000000747a00000, 0x0000000747b00000|  0%| F|  |TAMS 0x0000000747a00000, 0x0000000747a00000| Untracked 
| 103|0x0000000747b00000, 0x0000000747b00000, 0x0000000747c00000|  0%| F|  |TAMS 0x0000000747b00000, 0x0000000747b00000| Untracked 
| 104|0x0000000747c00000, 0x0000000747c00000, 0x0000000747d00000|  0%| F|  |TAMS 0x0000000747c00000, 0x0000000747c00000| Untracked 
| 105|0x0000000747d00000, 0x0000000747d00000, 0x0000000747e00000|  0%| F|  |TAMS 0x0000000747d00000, 0x0000000747d00000| Untracked 
| 106|0x0000000747e00000, 0x0000000747e00000, 0x0000000747f00000|  0%| F|  |TAMS 0x0000000747e00000, 0x0000000747e00000| Untracked 
| 107|0x0000000747f00000, 0x0000000747f00000, 0x0000000748000000|  0%| F|  |TAMS 0x0000000747f00000, 0x0000000747f00000| Untracked 
| 108|0x0000000748000000, 0x0000000748000000, 0x0000000748100000|  0%| F|  |TAMS 0x0000000748000000, 0x0000000748000000| Untracked 
| 109|0x0000000748100000, 0x0000000748100000, 0x0000000748200000|  0%| F|  |TAMS 0x0000000748100000, 0x0000000748100000| Untracked 
| 110|0x0000000748200000, 0x0000000748200000, 0x0000000748300000|  0%| F|  |TAMS 0x0000000748200000, 0x0000000748200000| Untracked 
| 111|0x0000000748300000, 0x0000000748300000, 0x0000000748400000|  0%| F|  |TAMS 0x0000000748300000, 0x0000000748300000| Untracked 
| 112|0x0000000748400000, 0x0000000748400000, 0x0000000748500000|  0%| F|  |TAMS 0x0000000748400000, 0x0000000748400000| Untracked 
| 113|0x0000000748500000, 0x0000000748500000, 0x0000000748600000|  0%| F|  |TAMS 0x0000000748500000, 0x0000000748500000| Untracked 
| 114|0x0000000748600000, 0x0000000748600000, 0x0000000748700000|  0%| F|  |TAMS 0x0000000748600000, 0x0000000748600000| Untracked 
| 115|0x0000000748700000, 0x0000000748700000, 0x0000000748800000|  0%| F|  |TAMS 0x0000000748700000, 0x0000000748700000| Untracked 
| 116|0x0000000748800000, 0x0000000748800000, 0x0000000748900000|  0%| F|  |TAMS 0x0000000748800000, 0x0000000748800000| Untracked 
| 117|0x0000000748900000, 0x0000000748900000, 0x0000000748a00000|  0%| F|  |TAMS 0x0000000748900000, 0x0000000748900000| Untracked 
| 118|0x0000000748a00000, 0x0000000748a00000, 0x0000000748b00000|  0%| F|  |TAMS 0x0000000748a00000, 0x0000000748a00000| Untracked 
| 119|0x0000000748b00000, 0x0000000748b00000, 0x0000000748c00000|  0%| F|  |TAMS 0x0000000748b00000, 0x0000000748b00000| Untracked 
| 120|0x0000000748c00000, 0x0000000748c00000, 0x0000000748d00000|  0%| F|  |TAMS 0x0000000748c00000, 0x0000000748c00000| Untracked 
| 121|0x0000000748d00000, 0x0000000748d00000, 0x0000000748e00000|  0%| F|  |TAMS 0x0000000748d00000, 0x0000000748d00000| Untracked 
| 122|0x0000000748e00000, 0x0000000748e00000, 0x0000000748f00000|  0%| F|  |TAMS 0x0000000748e00000, 0x0000000748e00000| Untracked 
| 123|0x0000000748f00000, 0x0000000748f00000, 0x0000000749000000|  0%| F|  |TAMS 0x0000000748f00000, 0x0000000748f00000| Untracked 
| 124|0x0000000749000000, 0x0000000749000000, 0x0000000749100000|  0%| F|  |TAMS 0x0000000749000000, 0x0000000749000000| Untracked 
| 125|0x0000000749100000, 0x0000000749100000, 0x0000000749200000|  0%| F|  |TAMS 0x0000000749100000, 0x0000000749100000| Untracked 
| 126|0x0000000749200000, 0x0000000749200000, 0x0000000749300000|  0%| F|  |TAMS 0x0000000749200000, 0x0000000749200000| Untracked 
| 127|0x0000000749300000, 0x0000000749300000, 0x0000000749400000|  0%| F|  |TAMS 0x0000000749300000, 0x0000000749300000| Untracked 
| 128|0x0000000749400000, 0x0000000749400000, 0x0000000749500000|  0%| F|  |TAMS 0x0000000749400000, 0x0000000749400000| Untracked 
| 129|0x0000000749500000, 0x0000000749500000, 0x0000000749600000|  0%| F|  |TAMS 0x0000000749500000, 0x0000000749500000| Untracked 
| 130|0x0000000749600000, 0x00000007496a2630, 0x0000000749700000| 63%| S|CS|TAMS 0x0000000749600000, 0x0000000749600000| Complete 
| 131|0x0000000749700000, 0x0000000749800000, 0x0000000749800000|100%| S|CS|TAMS 0x0000000749700000, 0x0000000749700000| Complete 
| 132|0x0000000749800000, 0x0000000749900000, 0x0000000749900000|100%| S|CS|TAMS 0x0000000749800000, 0x0000000749800000| Complete 
| 133|0x0000000749900000, 0x0000000749a00000, 0x0000000749a00000|100%| S|CS|TAMS 0x0000000749900000, 0x0000000749900000| Complete 
| 134|0x0000000749a00000, 0x0000000749b00000, 0x0000000749b00000|100%| S|CS|TAMS 0x0000000749a00000, 0x0000000749a00000| Complete 
| 135|0x0000000749b00000, 0x0000000749c00000, 0x0000000749c00000|100%| S|CS|TAMS 0x0000000749b00000, 0x0000000749b00000| Complete 
| 136|0x0000000749c00000, 0x0000000749c00000, 0x0000000749d00000|  0%| F|  |TAMS 0x0000000749c00000, 0x0000000749c00000| Untracked 
| 137|0x0000000749d00000, 0x0000000749d00000, 0x0000000749e00000|  0%| F|  |TAMS 0x0000000749d00000, 0x0000000749d00000| Untracked 
| 138|0x0000000749e00000, 0x0000000749e00000, 0x0000000749f00000|  0%| F|  |TAMS 0x0000000749e00000, 0x0000000749e00000| Untracked 
| 139|0x0000000749f00000, 0x0000000749f00000, 0x000000074a000000|  0%| F|  |TAMS 0x0000000749f00000, 0x0000000749f00000| Untracked 
| 140|0x000000074a000000, 0x000000074a000000, 0x000000074a100000|  0%| F|  |TAMS 0x000000074a000000, 0x000000074a000000| Untracked 
| 141|0x000000074a100000, 0x000000074a100000, 0x000000074a200000|  0%| F|  |TAMS 0x000000074a100000, 0x000000074a100000| Untracked 
| 142|0x000000074a200000, 0x000000074a200000, 0x000000074a300000|  0%| F|  |TAMS 0x000000074a200000, 0x000000074a200000| Untracked 
| 143|0x000000074a300000, 0x000000074a300000, 0x000000074a400000|  0%| F|  |TAMS 0x000000074a300000, 0x000000074a300000| Untracked 
| 144|0x000000074a400000, 0x000000074a400000, 0x000000074a500000|  0%| F|  |TAMS 0x000000074a400000, 0x000000074a400000| Untracked 
| 145|0x000000074a500000, 0x000000074a500000, 0x000000074a600000|  0%| F|  |TAMS 0x000000074a500000, 0x000000074a500000| Untracked 
| 146|0x000000074a600000, 0x000000074a600000, 0x000000074a700000|  0%| F|  |TAMS 0x000000074a600000, 0x000000074a600000| Untracked 
| 147|0x000000074a700000, 0x000000074a700000, 0x000000074a800000|  0%| F|  |TAMS 0x000000074a700000, 0x000000074a700000| Untracked 
| 148|0x000000074a800000, 0x000000074a800000, 0x000000074a900000|  0%| F|  |TAMS 0x000000074a800000, 0x000000074a800000| Untracked 
| 149|0x000000074a900000, 0x000000074a900000, 0x000000074aa00000|  0%| F|  |TAMS 0x000000074a900000, 0x000000074a900000| Untracked 
| 150|0x000000074aa00000, 0x000000074aa00000, 0x000000074ab00000|  0%| F|  |TAMS 0x000000074aa00000, 0x000000074aa00000| Untracked 
| 151|0x000000074ab00000, 0x000000074ab00000, 0x000000074ac00000|  0%| F|  |TAMS 0x000000074ab00000, 0x000000074ab00000| Untracked 
| 152|0x000000074ac00000, 0x000000074ac00000, 0x000000074ad00000|  0%| F|  |TAMS 0x000000074ac00000, 0x000000074ac00000| Untracked 
| 153|0x000000074ad00000, 0x000000074ad00000, 0x000000074ae00000|  0%| F|  |TAMS 0x000000074ad00000, 0x000000074ad00000| Untracked 
| 154|0x000000074ae00000, 0x000000074ae00000, 0x000000074af00000|  0%| F|  |TAMS 0x000000074ae00000, 0x000000074ae00000| Untracked 
| 155|0x000000074af00000, 0x000000074af00000, 0x000000074b000000|  0%| F|  |TAMS 0x000000074af00000, 0x000000074af00000| Untracked 
| 156|0x000000074b000000, 0x000000074b000000, 0x000000074b100000|  0%| F|  |TAMS 0x000000074b000000, 0x000000074b000000| Untracked 
| 157|0x000000074b100000, 0x000000074b100000, 0x000000074b200000|  0%| F|  |TAMS 0x000000074b100000, 0x000000074b100000| Untracked 
| 158|0x000000074b200000, 0x000000074b200000, 0x000000074b300000|  0%| F|  |TAMS 0x000000074b200000, 0x000000074b200000| Untracked 
| 159|0x000000074b300000, 0x000000074b300000, 0x000000074b400000|  0%| F|  |TAMS 0x000000074b300000, 0x000000074b300000| Untracked 
| 160|0x000000074b400000, 0x000000074b400000, 0x000000074b500000|  0%| F|  |TAMS 0x000000074b400000, 0x000000074b400000| Untracked 
| 161|0x000000074b500000, 0x000000074b500000, 0x000000074b600000|  0%| F|  |TAMS 0x000000074b500000, 0x000000074b500000| Untracked 
| 162|0x000000074b600000, 0x000000074b600000, 0x000000074b700000|  0%| F|  |TAMS 0x000000074b600000, 0x000000074b600000| Untracked 
| 163|0x000000074b700000, 0x000000074b700000, 0x000000074b800000|  0%| F|  |TAMS 0x000000074b700000, 0x000000074b700000| Untracked 
| 164|0x000000074b800000, 0x000000074b800000, 0x000000074b900000|  0%| F|  |TAMS 0x000000074b800000, 0x000000074b800000| Untracked 
| 165|0x000000074b900000, 0x000000074b900000, 0x000000074ba00000|  0%| F|  |TAMS 0x000000074b900000, 0x000000074b900000| Untracked 
| 166|0x000000074ba00000, 0x000000074ba00000, 0x000000074bb00000|  0%| F|  |TAMS 0x000000074ba00000, 0x000000074ba00000| Untracked 
| 167|0x000000074bb00000, 0x000000074bb00000, 0x000000074bc00000|  0%| F|  |TAMS 0x000000074bb00000, 0x000000074bb00000| Untracked 
| 168|0x000000074bc00000, 0x000000074bc00000, 0x000000074bd00000|  0%| F|  |TAMS 0x000000074bc00000, 0x000000074bc00000| Untracked 
| 169|0x000000074bd00000, 0x000000074bd00000, 0x000000074be00000|  0%| F|  |TAMS 0x000000074bd00000, 0x000000074bd00000| Untracked 
| 170|0x000000074be00000, 0x000000074be00000, 0x000000074bf00000|  0%| F|  |TAMS 0x000000074be00000, 0x000000074be00000| Untracked 
| 171|0x000000074bf00000, 0x000000074bf00000, 0x000000074c000000|  0%| F|  |TAMS 0x000000074bf00000, 0x000000074bf00000| Untracked 
| 172|0x000000074c000000, 0x000000074c000000, 0x000000074c100000|  0%| F|  |TAMS 0x000000074c000000, 0x000000074c000000| Untracked 
| 173|0x000000074c100000, 0x000000074c100000, 0x000000074c200000|  0%| F|  |TAMS 0x000000074c100000, 0x000000074c100000| Untracked 
| 174|0x000000074c200000, 0x000000074c200000, 0x000000074c300000|  0%| F|  |TAMS 0x000000074c200000, 0x000000074c200000| Untracked 
| 175|0x000000074c300000, 0x000000074c300000, 0x000000074c400000|  0%| F|  |TAMS 0x000000074c300000, 0x000000074c300000| Untracked 
| 176|0x000000074c400000, 0x000000074c400000, 0x000000074c500000|  0%| F|  |TAMS 0x000000074c400000, 0x000000074c400000| Untracked 
| 177|0x000000074c500000, 0x000000074c500000, 0x000000074c600000|  0%| F|  |TAMS 0x000000074c500000, 0x000000074c500000| Untracked 
| 178|0x000000074c600000, 0x000000074c600000, 0x000000074c700000|  0%| F|  |TAMS 0x000000074c600000, 0x000000074c600000| Untracked 
| 179|0x000000074c700000, 0x000000074c700000, 0x000000074c800000|  0%| F|  |TAMS 0x000000074c700000, 0x000000074c700000| Untracked 
| 180|0x000000074c800000, 0x000000074c800000, 0x000000074c900000|  0%| F|  |TAMS 0x000000074c800000, 0x000000074c800000| Untracked 
| 181|0x000000074c900000, 0x000000074c900000, 0x000000074ca00000|  0%| F|  |TAMS 0x000000074c900000, 0x000000074c900000| Untracked 
| 182|0x000000074ca00000, 0x000000074ca00000, 0x000000074cb00000|  0%| F|  |TAMS 0x000000074ca00000, 0x000000074ca00000| Untracked 
| 183|0x000000074cb00000, 0x000000074cb00000, 0x000000074cc00000|  0%| F|  |TAMS 0x000000074cb00000, 0x000000074cb00000| Untracked 
| 184|0x000000074cc00000, 0x000000074cc00000, 0x000000074cd00000|  0%| F|  |TAMS 0x000000074cc00000, 0x000000074cc00000| Untracked 
| 185|0x000000074cd00000, 0x000000074cd00000, 0x000000074ce00000|  0%| F|  |TAMS 0x000000074cd00000, 0x000000074cd00000| Untracked 
| 186|0x000000074ce00000, 0x000000074ce00000, 0x000000074cf00000|  0%| F|  |TAMS 0x000000074ce00000, 0x000000074ce00000| Untracked 
| 187|0x000000074cf00000, 0x000000074cf00000, 0x000000074d000000|  0%| F|  |TAMS 0x000000074cf00000, 0x000000074cf00000| Untracked 
| 188|0x000000074d000000, 0x000000074d000000, 0x000000074d100000|  0%| F|  |TAMS 0x000000074d000000, 0x000000074d000000| Untracked 
| 189|0x000000074d100000, 0x000000074d100000, 0x000000074d200000|  0%| F|  |TAMS 0x000000074d100000, 0x000000074d100000| Untracked 
| 190|0x000000074d200000, 0x000000074d281d88, 0x000000074d300000| 50%| E|  |TAMS 0x000000074d200000, 0x000000074d200000| Complete 
| 191|0x000000074d300000, 0x000000074d400000, 0x000000074d400000|100%| E|CS|TAMS 0x000000074d300000, 0x000000074d300000| Complete 

Card table byte_map: [0x00000253a03d0000,0x00000253a09d0000] _byte_map_base: 0x000002539c9c6000

Marking Bits (Prev, Next): (CMBitMap*) 0x000002538b0b2aa0, (CMBitMap*) 0x000002538b0b2a68
 Prev Bits: [0x00000253a3f80000, 0x00000253a6f30000)
 Next Bits: [0x00000253a0fd0000, 0x00000253a3f80000)

Polling page: 0x000002538b140000

Metaspace:

Usage:
  Non-class:     28.34 MB capacity,    28.06 MB (>99%) used,   239.68 KB ( <1%) free+waste,    47.00 KB ( <1%) overhead. 
      Class:      3.95 MB capacity,     3.78 MB ( 96%) used,   155.29 KB (  4%) free+waste,    21.06 KB ( <1%) overhead. 
       Both:     32.29 MB capacity,    31.84 MB ( 99%) used,   394.97 KB (  1%) free+waste,    68.06 KB ( <1%) overhead. 

Virtual space:
  Non-class space:       30.00 MB reserved,      28.50 MB ( 95%) committed 
      Class space:        1.00 GB reserved,       4.00 MB ( <1%) committed 
             Both:        1.03 GB reserved,      32.50 MB (  3%) committed 

Chunk freelists:
   Non-Class:  38.00 KB
       Class:  15.00 KB
        Both:  53.00 KB

MaxMetaspaceSize: 17179869184.00 GB
CompressedClassSpaceSize: 1.00 GB

CodeHeap 'non-profiled nmethods': size=120000Kb used=792Kb max_used=792Kb free=119207Kb
 bounds [0x0000025397e30000, 0x00000253980a0000, 0x000002539f360000]
CodeHeap 'profiled nmethods': size=120000Kb used=4099Kb max_used=4099Kb free=115900Kb
 bounds [0x0000025390900000, 0x0000025390d10000, 0x0000025397e30000]
CodeHeap 'non-nmethods': size=5760Kb used=1175Kb max_used=1203Kb free=4584Kb
 bounds [0x0000025390360000, 0x00000253905d0000, 0x0000025390900000]
 total_blobs=2712 nmethods=2202 adapters=421
 compilation: enabled
              stopped_count=0, restarted_count=0
 full_count=0

Compilation events (20 events):
Event: 1.910 Thread 0x00000253aa319800 nmethod 2153 0x0000025390cdaf10 code [0x0000025390cdb380, 0x0000025390cddf18]
Event: 1.910 Thread 0x00000253aa319800 2160       3       org.jetbrains.kotlin.protobuf.CodedInputStream::readRawVarint32 (233 bytes)
Event: 1.910 Thread 0x00000253aa319800 nmethod 2160 0x0000025390cde890 code [0x0000025390cdea80, 0x0000025390cdf128]
Event: 1.910 Thread 0x00000253aa319800 2139       3       org.jetbrains.kotlin.protobuf.SmallSortedMap::getNumArrayEntries (10 bytes)
Event: 1.910 Thread 0x00000253aa319800 nmethod 2139 0x0000025390cdf310 code [0x0000025390cdf4c0, 0x0000025390cdf688]
Event: 1.910 Thread 0x00000253aa319800 2154       3       org.jetbrains.kotlin.protobuf.SmallSortedMap::getOverflowEntries (28 bytes)
Event: 1.911 Thread 0x00000253aa319800 nmethod 2154 0x0000025390cdf790 code [0x0000025390cdf960, 0x0000025390cdfcb8]
Event: 1.911 Thread 0x00000253aa319800 2155       3       org.jetbrains.kotlin.protobuf.SmallSortedMap$EmptySet::iterable (4 bytes)
Event: 1.911 Thread 0x00000253aa319800 nmethod 2155 0x0000025390cdfe10 code [0x0000025390cdffc0, 0x0000025390ce00b8]
Event: 1.911 Thread 0x00000253aa319800 2156       3       org.jetbrains.kotlin.protobuf.SmallSortedMap$EmptySet$2::iterator (4 bytes)
Event: 1.911 Thread 0x00000253aa319800 nmethod 2156 0x0000025390ce0190 code [0x0000025390ce0340, 0x0000025390ce0498]
Event: 1.911 Thread 0x00000253aa319800 2161       3       org.jetbrains.kotlin.protobuf.SmallSortedMap$EmptySet::access$700 (4 bytes)
Event: 1.911 Thread 0x00000253aa319800 nmethod 2161 0x0000025390ce0590 code [0x0000025390ce0740, 0x0000025390ce0838]
Event: 1.911 Thread 0x00000253aa319800 2152       3       org.jetbrains.kotlin.protobuf.FieldSet::makeImmutable (21 bytes)
Event: 1.911 Thread 0x00000253aa319800 nmethod 2152 0x0000025390ce0910 code [0x0000025390ce0ae0, 0x0000025390ce0d08]
Event: 1.911 Thread 0x00000253aa319800 2143       3       org.jetbrains.kotlin.protobuf.SmallSortedMap$1::<init> (7 bytes)
Event: 1.912 Thread 0x00000253aa319800 nmethod 2143 0x0000025390ce0e10 code [0x0000025390ce1000, 0x0000025390ce1418]
Event: 1.912 Thread 0x00000253aa319800 2144       3       org.jetbrains.kotlin.protobuf.SmallSortedMap::<init> (6 bytes)
Event: 1.912 Thread 0x00000253aa319800 nmethod 2144 0x0000025390ce1590 code [0x0000025390ce1780, 0x0000025390ce1b38]
Event: 1.912 Thread 0x00000253aa319800 2166       3       org.jetbrains.kotlin.protobuf.FieldSet::isInitialized (83 bytes)

GC Heap History (4 events):
Event: 0.542 GC heap before
{Heap before GC invocations=0 (full 0):
 garbage-first heap   total 196608K, used 27648K [0x0000000741400000, 0x0000000800000000)
  region size 1024K, 24 young (24576K), 0 survivors (0K)
 Metaspace       used 12295K, capacity 12405K, committed 12544K, reserved 1060864K
  class space    used 1151K, capacity 1174K, committed 1280K, reserved 1048576K
}
Event: 0.546 GC heap after
{Heap after GC invocations=1 (full 0):
 garbage-first heap   total 196608K, used 5713K [0x0000000741400000, 0x0000000800000000)
  region size 1024K, 3 young (3072K), 3 survivors (3072K)
 Metaspace       used 12295K, capacity 12405K, committed 12544K, reserved 1060864K
  class space    used 1151K, capacity 1174K, committed 1280K, reserved 1048576K
}
Event: 1.135 GC heap before
{Heap before GC invocations=1 (full 0):
 garbage-first heap   total 196608K, used 41553K [0x0000000741400000, 0x0000000800000000)
  region size 1024K, 39 young (39936K), 3 survivors (3072K)
 Metaspace       used 20888K, capacity 21037K, committed 21248K, reserved 1069056K
  class space    used 2220K, capacity 2286K, committed 2304K, reserved 1048576K
}
Event: 1.146 GC heap after
{Heap after GC invocations=2 (full 0):
 garbage-first heap   total 196608K, used 9450K [0x0000000741400000, 0x0000000800000000)
  region size 1024K, 7 young (7168K), 7 survivors (7168K)
 Metaspace       used 20888K, capacity 21037K, committed 21248K, reserved 1069056K
  class space    used 2220K, capacity 2286K, committed 2304K, reserved 1048576K
}

Deoptimization events (20 events):
Event: 1.734 Thread 0x000002538b062000 Uncommon trap: trap_request=0xffffffde fr.pc=0x0000025397edd78c relative=0x000000000000006c
Event: 1.734 Thread 0x000002538b062000 Uncommon trap: reason=class_check action=maybe_recompile pc=0x0000025397edd78c method=gnu.trove.TObjectHash.equals(Ljava/lang/Object;Ljava/lang/Object;)Z @ 6 c2
Event: 1.734 Thread 0x000002538b062000 DEOPT PACKING pc=0x0000025397edd78c sp=0x000000dd44bfe6d0
Event: 1.734 Thread 0x000002538b062000 DEOPT UNPACKING pc=0x00000253903868af sp=0x000000dd44bfe650 mode 2
Event: 1.734 Thread 0x000002538b062000 Uncommon trap: trap_request=0xffffffde fr.pc=0x0000025397edd78c relative=0x000000000000006c
Event: 1.734 Thread 0x000002538b062000 Uncommon trap: reason=class_check action=maybe_recompile pc=0x0000025397edd78c method=gnu.trove.TObjectHash.equals(Ljava/lang/Object;Ljava/lang/Object;)Z @ 6 c2
Event: 1.734 Thread 0x000002538b062000 DEOPT PACKING pc=0x0000025397edd78c sp=0x000000dd44bfe6d0
Event: 1.734 Thread 0x000002538b062000 DEOPT UNPACKING pc=0x00000253903868af sp=0x000000dd44bfe650 mode 2
Event: 1.771 Thread 0x000002538b062000 Uncommon trap: trap_request=0xffffffde fr.pc=0x0000025397edd78c relative=0x000000000000006c
Event: 1.771 Thread 0x000002538b062000 Uncommon trap: reason=class_check action=maybe_recompile pc=0x0000025397edd78c method=gnu.trove.TObjectHash.equals(Ljava/lang/Object;Ljava/lang/Object;)Z @ 6 c2
Event: 1.771 Thread 0x000002538b062000 DEOPT PACKING pc=0x0000025397edd78c sp=0x000000dd44bfe8a0
Event: 1.771 Thread 0x000002538b062000 DEOPT UNPACKING pc=0x00000253903868af sp=0x000000dd44bfe820 mode 2
Event: 1.771 Thread 0x000002538b062000 Uncommon trap: trap_request=0xffffffde fr.pc=0x0000025397edd78c relative=0x000000000000006c
Event: 1.771 Thread 0x000002538b062000 Uncommon trap: reason=class_check action=maybe_recompile pc=0x0000025397edd78c method=gnu.trove.TObjectHash.equals(Ljava/lang/Object;Ljava/lang/Object;)Z @ 6 c2
Event: 1.771 Thread 0x000002538b062000 DEOPT PACKING pc=0x0000025397edd78c sp=0x000000dd44bfe770
Event: 1.771 Thread 0x000002538b062000 DEOPT UNPACKING pc=0x00000253903868af sp=0x000000dd44bfe6f0 mode 2
Event: 1.908 Thread 0x000002538b062000 Uncommon trap: trap_request=0xffffff4d fr.pc=0x0000025397ef082c relative=0x00000000000000ec
Event: 1.908 Thread 0x000002538b062000 Uncommon trap: reason=unstable_if action=reinterpret pc=0x0000025397ef082c method=org.jetbrains.kotlin.protobuf.CodedInputStream.readRawVarint32()I @ 10 c2
Event: 1.908 Thread 0x000002538b062000 DEOPT PACKING pc=0x0000025397ef082c sp=0x000000dd44bfd3b0
Event: 1.908 Thread 0x000002538b062000 DEOPT UNPACKING pc=0x00000253903868af sp=0x000000dd44bfd330 mode 2

Classes redefined (0 events):
No events

Internal exceptions (20 events):
Event: 1.056 Thread 0x000002538b062000 Exception <a 'java/lang/NoSuchMethodError'{0x000000074b392498}: 'java.lang.Object java.lang.invoke.DirectMethodHandle$Holder.invokeStaticInit(java.lang.Object, int)'> (0x000000074b392498) thrown at [./src/hotspot/share/interpreter/linkResolver.cpp, line 773]
Event: 1.077 Thread 0x000002538b062000 Exception <a 'java/lang/NoSuchMethodError'{0x000000074b12d470}: 'long java.lang.invoke.DirectMethodHandle$Holder.invokeStatic(java.lang.Object)'> (0x000000074b12d470) thrown at [./src/hotspot/share/interpreter/linkResolver.cpp, line 773]
Event: 1.077 Thread 0x000002538b062000 Exception <a 'java/lang/NoSuchMethodError'{0x000000074b1302c8}: 'long java.lang.invoke.DirectMethodHandle$Holder.invokeStaticInit(java.lang.Object)'> (0x000000074b1302c8) thrown at [./src/hotspot/share/interpreter/linkResolver.cpp, line 773]
Event: 1.117 Thread 0x000002538b062000 Exception <a 'java/lang/NoSuchMethodError'{0x000000074aea1450}: 'int java.lang.invoke.DirectMethodHandle$Holder.invokeStaticInit(java.lang.Object, java.lang.Object, java.lang.Object)'> (0x000000074aea1450) thrown at [./src/hotspot/share/interpreter/linkResolver.cpp, line 773]
Event: 1.120 Thread 0x000002538b062000 Exception <a 'java/lang/NoSuchMethodError'{0x000000074aecd1e0}: 'int java.lang.invoke.DirectMethodHandle$Holder.invokeStaticInit(java.lang.Object, java.lang.Object)'> (0x000000074aecd1e0) thrown at [./src/hotspot/share/interpreter/linkResolver.cpp, line 773]
Event: 1.318 Thread 0x000002538b062000 Exception <a 'java/lang/NoSuchMethodError'{0x000000074ca3e920}: 'java.lang.Object java.lang.invoke.DirectMethodHandle$Holder.invokeStatic(java.lang.Object, java.lang.Object, java.lang.Object, java.lang.Object, java.lang.Object, java.lang.Object, java.lang.Object, java.lang.Object, java.lang.Object, java.lang.Object, java.lang.Object, java.lang.Object, java.lang.Object, java.lang.Object, java.lang.Object)'> (0x000000074ca3e920) thrown at [./src/hotspot/share/interpreter/linkResolver.cpp, line 773]
Event: 1.319 Thread 0x000002538b062000 Exception <a 'java/lang/NoSuchMethodError'{0x000000074ca4c928}: 'java.lang.Object java.lang.invoke.DirectMethodHandle$Holder.invokeStatic(java.lang.Object, java.lang.Object, java.lang.Object, java.lang.Object, java.lang.Object, java.lang.Object, java.lang.Object, java.lang.Object, java.lang.Object, java.lang.Object, java.lang.Object, java.lang.Object, java.lang.Object, java.lang.Object, java.lang.Object, java.lang.Object)'> (0x000000074ca4c928) thrown at [./src/hotspot/share/interpreter/linkResolver.cpp, l
Event: 1.321 Thread 0x000002538b062000 Exception <a 'java/lang/NoSuchMethodError'{0x000000074ca5a840}: 'java.lang.Object java.lang.invoke.DirectMethodHandle$Holder.invokeSpecial(java.lang.Object, java.lang.Object, int, int, java.lang.Object, java.lang.Object, java.lang.Object)'> (0x000000074ca5a840) thrown at [./src/hotspot/share/interpreter/linkResolver.cpp, line 773]
Event: 1.321 Thread 0x000002538b062000 Exception <a 'java/lang/NoSuchMethodError'{0x000000074ca5e078}: 'java.lang.Object java.lang.invoke.DelegatingMethodHandle$Holder.reinvoke_L(java.lang.Object, int, int, java.lang.Object, java.lang.Object, java.lang.Object)'> (0x000000074ca5e078) thrown at [./src/hotspot/share/interpreter/linkResolver.cpp, line 773]
Event: 1.321 Thread 0x000002538b062000 Exception <a 'java/lang/NoSuchMethodError'{0x000000074ca62400}: 'java.lang.Object java.lang.invoke.DirectMethodHandle$Holder.invokeStatic(java.lang.Object, java.lang.Object, java.lang.Object, java.lang.Object, int)'> (0x000000074ca62400) thrown at [./src/hotspot/share/interpreter/linkResolver.cpp, line 773]
Event: 1.359 Thread 0x000002538b062000 Implicit null exception at 0x0000025397eb71ac to 0x0000025397eb735a
Event: 1.387 Thread 0x000002538b062000 Exception <a 'java/lang/NoSuchMethodError'{0x000000074c5e55c0}: 'void java.lang.invoke.DirectMethodHandle$Holder.invokeStatic(java.lang.Object, java.lang.Object, java.lang.Object, java.lang.Object)'> (0x000000074c5e55c0) thrown at [./src/hotspot/share/interpreter/linkResolver.cpp, line 773]
Event: 1.405 Thread 0x000002538b062000 Exception <a 'java/lang/NoSuchMethodError'{0x000000074c338880}: 'void java.lang.invoke.DirectMethodHandle$Holder.invokeSpecial(java.lang.Object, java.lang.Object)'> (0x000000074c338880) thrown at [./src/hotspot/share/interpreter/linkResolver.cpp, line 773]
Event: 1.436 Thread 0x000002538b062000 Exception <a 'java/lang/NoSuchMethodError'{0x000000074c1dfec0}: 'void java.lang.invoke.DirectMethodHandle$Holder.invokeStaticInit(java.lang.Object, java.lang.Object)'> (0x000000074c1dfec0) thrown at [./src/hotspot/share/interpreter/linkResolver.cpp, line 773]
Event: 1.444 Thread 0x000002538b062000 Exception <a 'java/lang/NoSuchMethodError'{0x000000074c01ee60}: 'void java.lang.invoke.DirectMethodHandle$Holder.invokeInterface(java.lang.Object, java.lang.Object)'> (0x000000074c01ee60) thrown at [./src/hotspot/share/interpreter/linkResolver.cpp, line 773]
Event: 1.504 Thread 0x000002538b062000 Exception <a 'java/lang/NoSuchMethodError'{0x000000074bc40cc8}: 'void java.lang.invoke.DirectMethodHandle$Holder.invokeVirtual(java.lang.Object, java.lang.Object)'> (0x000000074bc40cc8) thrown at [./src/hotspot/share/interpreter/linkResolver.cpp, line 773]
Event: 1.513 Thread 0x000002538b062000 Exception <a 'java/lang/NoSuchMethodError'{0x000000074bcb8608}: 'int java.lang.invoke.DirectMethodHandle$Holder.invokeVirtual(java.lang.Object, java.lang.Object)'> (0x000000074bcb8608) thrown at [./src/hotspot/share/interpreter/linkResolver.cpp, line 773]
Event: 1.643 Thread 0x000002538b062000 Implicit null exception at 0x0000025397e942f4 to 0x0000025397e94524
Event: 1.644 Thread 0x000002538b062000 Implicit null exception at 0x0000025397e8c5f8 to 0x0000025397e8c68a
Event: 1.644 Thread 0x000002538b062000 Implicit null exception at 0x0000025397e7f02f to 0x0000025397e7f0a9

Events (20 events):
Event: 1.895 loading class org/jetbrains/kotlin/protobuf/SmallSortedMap$Entry
Event: 1.895 loading class org/jetbrains/kotlin/protobuf/SmallSortedMap$Entry done
Event: 1.896 loading class org/jetbrains/kotlin/metadata/ProtoBuf$Annotation$Argument
Event: 1.896 loading class org/jetbrains/kotlin/metadata/ProtoBuf$Annotation$Argument done
Event: 1.896 loading class org/jetbrains/kotlin/metadata/ProtoBuf$Annotation$ArgumentOrBuilder
Event: 1.896 loading class org/jetbrains/kotlin/metadata/ProtoBuf$Annotation$ArgumentOrBuilder done
Event: 1.897 loading class org/jetbrains/kotlin/metadata/ProtoBuf$Annotation$Argument$1
Event: 1.897 loading class org/jetbrains/kotlin/metadata/ProtoBuf$Annotation$Argument$1 done
Event: 1.897 loading class org/jetbrains/kotlin/metadata/ProtoBuf$Type$Argument
Event: 1.897 loading class org/jetbrains/kotlin/metadata/ProtoBuf$Type$Argument done
Event: 1.897 loading class org/jetbrains/kotlin/metadata/ProtoBuf$Type$ArgumentOrBuilder
Event: 1.897 loading class org/jetbrains/kotlin/metadata/ProtoBuf$Type$ArgumentOrBuilder done
Event: 1.898 loading class org/jetbrains/kotlin/metadata/ProtoBuf$Type$Argument$1
Event: 1.898 loading class org/jetbrains/kotlin/metadata/ProtoBuf$Type$Argument$1 done
Event: 1.898 loading class org/jetbrains/kotlin/metadata/ProtoBuf$Type$Argument$Projection
Event: 1.898 loading class org/jetbrains/kotlin/metadata/ProtoBuf$Type$Argument$Projection done
Event: 1.898 loading class org/jetbrains/kotlin/metadata/ProtoBuf$Type$Argument$Projection$1
Event: 1.898 loading class org/jetbrains/kotlin/metadata/ProtoBuf$Type$Argument$Projection$1 done
Event: 1.899 loading class org/jetbrains/kotlin/metadata/ProtoBuf$Annotation$Argument$Value$Builder
Event: 1.899 loading class org/jetbrains/kotlin/metadata/ProtoBuf$Annotation$Argument$Value$Builder done


Dynamic libraries:
0x00007ff63bc30000 - 0x00007ff63bc3a000 	C:\Program Files\Android\Android Studio\jre\bin\java.exe
0x00007ffe073c0000 - 0x00007ffe075c9000 	C:\WINDOWS\SYSTEM32\ntdll.dll
0x00007ffe069e0000 - 0x00007ffe06a9d000 	C:\WINDOWS\System32\KERNEL32.DLL
0x00007ffe04ac0000 - 0x00007ffe04e34000 	C:\WINDOWS\System32\KERNELBASE.dll
0x00007ffe04970000 - 0x00007ffe04a81000 	C:\WINDOWS\System32\ucrtbase.dll
0x00007ffdfeb50000 - 0x00007ffdfeb69000 	C:\Program Files\Android\Android Studio\jre\bin\jli.dll
0x00007ffdf7a30000 - 0x00007ffdf7a47000 	C:\Program Files\Android\Android Studio\jre\bin\VCRUNTIME140.dll
0x00007ffe06830000 - 0x00007ffe069dc000 	C:\WINDOWS\System32\USER32.dll
0x00007ffe04a90000 - 0x00007ffe04ab6000 	C:\WINDOWS\System32\win32u.dll
0x00007ffde03d0000 - 0x00007ffde0675000 	C:\WINDOWS\WinSxS\amd64_microsoft.windows.common-controls_6595b64144ccf1df_6.0.22000.120_none_9d947278b86cc467\COMCTL32.dll
0x00007ffe06800000 - 0x00007ffe06829000 	C:\WINDOWS\System32\GDI32.dll
0x00007ffe06750000 - 0x00007ffe067f3000 	C:\WINDOWS\System32\msvcrt.dll
0x00007ffe050a0000 - 0x00007ffe051b2000 	C:\WINDOWS\System32\gdi32full.dll
0x00007ffe051c0000 - 0x00007ffe0525d000 	C:\WINDOWS\System32\msvcp_win.dll
0x00007ffe06610000 - 0x00007ffe06641000 	C:\WINDOWS\System32\IMM32.DLL
0x00007ffdd8320000 - 0x00007ffdd83bd000 	C:\Program Files\Android\Android Studio\jre\bin\msvcp140.dll
0x00007ffdbad10000 - 0x00007ffdbb7e5000 	C:\Program Files\Android\Android Studio\jre\bin\server\jvm.dll
0x00007ffe07240000 - 0x00007ffe072ee000 	C:\WINDOWS\System32\ADVAPI32.dll
0x00007ffe06f80000 - 0x00007ffe0701e000 	C:\WINDOWS\System32\sechost.dll
0x00007ffe05390000 - 0x00007ffe054b0000 	C:\WINDOWS\System32\RPCRT4.dll
0x00007ffe06ce0000 - 0x00007ffe06ce8000 	C:\WINDOWS\System32\PSAPI.DLL
0x00007ffde34c0000 - 0x00007ffde34c9000 	C:\WINDOWS\SYSTEM32\WSOCK32.dll
0x00007ffdfd6d0000 - 0x00007ffdfd703000 	C:\WINDOWS\SYSTEM32\WINMM.dll
0x00007ffe06cf0000 - 0x00007ffe06d5f000 	C:\WINDOWS\System32\WS2_32.dll
0x00007ffdff830000 - 0x00007ffdff83a000 	C:\WINDOWS\SYSTEM32\VERSION.dll
0x00007ffe039b0000 - 0x00007ffe039c8000 	C:\WINDOWS\SYSTEM32\kernel.appcore.dll
0x00007ffe017c0000 - 0x00007ffe017d1000 	C:\Program Files\Android\Android Studio\jre\bin\verify.dll
0x00007ffe02560000 - 0x00007ffe02781000 	C:\WINDOWS\SYSTEM32\DBGHELP.DLL
0x00007ffdf08e0000 - 0x00007ffdf0911000 	C:\WINDOWS\SYSTEM32\dbgcore.DLL
0x00007ffe05020000 - 0x00007ffe0509f000 	C:\WINDOWS\System32\bcryptPrimitives.dll
0x00007ffe01790000 - 0x00007ffe017b9000 	C:\Program Files\Android\Android Studio\jre\bin\java.dll
0x00007ffe01780000 - 0x00007ffe0178b000 	C:\Program Files\Android\Android Studio\jre\bin\jimage.dll
0x00007ffe015f0000 - 0x00007ffe01608000 	C:\Program Files\Android\Android Studio\jre\bin\zip.dll
0x00007ffe05e00000 - 0x00007ffe065af000 	C:\WINDOWS\System32\SHELL32.dll
0x00007ffe029f0000 - 0x00007ffe03258000 	C:\WINDOWS\SYSTEM32\windows.storage.dll
0x00007ffe054b0000 - 0x00007ffe05828000 	C:\WINDOWS\System32\combase.dll
0x00007ffe02790000 - 0x00007ffe028f6000 	C:\WINDOWS\SYSTEM32\wintypes.dll
0x00007ffe058a0000 - 0x00007ffe0598a000 	C:\WINDOWS\System32\SHCORE.dll
0x00007ffe065b0000 - 0x00007ffe0660d000 	C:\WINDOWS\System32\shlwapi.dll
0x00007ffe047e0000 - 0x00007ffe04801000 	C:\WINDOWS\SYSTEM32\profapi.dll
0x00007ffdfeb80000 - 0x00007ffdfeb9a000 	C:\Program Files\Android\Android Studio\jre\bin\net.dll
0x00007ffdfcd00000 - 0x00007ffdfce0c000 	C:\WINDOWS\SYSTEM32\WINHTTP.dll
0x00007ffe03de0000 - 0x00007ffe03e47000 	C:\WINDOWS\system32\mswsock.dll
0x00007ffdfeb20000 - 0x00007ffdfeb34000 	C:\Program Files\Android\Android Studio\jre\bin\nio.dll

dbghelp: loaded successfully - version: 4.0.5 - missing functions: none
symbol engine: initialized successfully - sym options: 0x614 - pdb path: .;C:\Program Files\Android\Android Studio\jre\bin;C:\WINDOWS\SYSTEM32;C:\WINDOWS\WinSxS\amd64_microsoft.windows.common-controls_6595b64144ccf1df_6.0.22000.120_none_9d947278b86cc467;C:\Program Files\Android\Android Studio\jre\bin\server

VM Arguments:
java_command: org.jetbrains.kotlin.cli.jvm.K2JVMCompiler @C:\Proyectos Android Studio\Bookpedia\app\build\20220509_13796001017186537903.compiler.options
java_class_path (initial): C:\Users\Fernando Alcalá\.gradle\caches\modules-2\files-2.1\org.jetbrains.kotlin\kotlin-compiler-embeddable\1.5.20\1900e8b9aca0a9caffd45b99b36e3720a0a284f8\kotlin-compiler-embeddable-1.5.20.jar;C:\Users\Fernando Alcalá\.gradle\caches\modules-2\files-2.1\org.jetbrains.kotlin\kotlin-reflect\1.5.20\63810951f09a27f7827977f1bc21094042a915e\kotlin-reflect-1.5.20.jar;C:\Users\Fernando Alcalá\.gradle\caches\modules-2\files-2.1\org.jetbrains.kotlin\kotlin-stdlib\1.5.20\9de35cc611bcecec8edce1d56d8e659953806751\kotlin-stdlib-1.5.20.jar;C:\Users\Fernando Alcalá\.gradle\caches\modules-2\files-2.1\org.jetbrains.kotlin\kotlin-script-runtime\1.5.20\4381bb58d37b84d4d1afe55ec35542dd9b77e101\kotlin-script-runtime-1.5.20.jar;C:\Users\Fernando Alcalá\.gradle\caches\modules-2\files-2.1\org.jetbrains.kotlin\kotlin-daemon-embeddable\1.5.20\36c38cda019834dcd2959cc33a12768adcd94256\kotlin-daemon-embeddable-1.5.20.jar;C:\Users\Fernando Alcalá\.gradle\caches\modules-2\files-2.1\org.jetbrains.intellij.deps\trove4j\1.0.20181211\216c2e14b070f334479d800987affe4054cd563f\trove4j-1.0.20181211.jar;C:\Users\Fernando Alcalá\.gradle\caches\modules-2\files-2.1\org.jetbrains\annotations\13.0\919f0dfe192fb4e063e7dacadee7f8bb9a2672a9\annotations-13.0.jar;C:\Users\Fernando Alcalá\.gradle\caches\modules-2\files-2.1\org.jetbrains.kotlin\kotlin-stdlib-common\1.5.20\3d79dbd48bf605f4aac1e7028981a1953e245cbb\kotlin-stdlib-common-1.5.20.jar
Launcher Type: SUN_STANDARD

[Global flags]
     intx CICompilerCount                          = 4                                         {product} {ergonomic}
     uint ConcGCThreads                            = 2                                         {product} {ergonomic}
     uint G1ConcRefinementThreads                  = 8                                         {product} {ergonomic}
   size_t G1HeapRegionSize                         = 1048576                                   {product} {ergonomic}
    uintx GCDrainStackTargetSize                   = 64                                        {product} {ergonomic}
   size_t InitialHeapSize                          = 201326592                                 {product} {ergonomic}
   size_t MarkStackSize                            = 4194304                                   {product} {ergonomic}
   size_t MaxHeapSize                              = 3200253952                                {product} {ergonomic}
   size_t MaxNewSize                               = 1919942656                                {product} {ergonomic}
   size_t MinHeapDeltaBytes                        = 1048576                                   {product} {ergonomic}
    uintx NonNMethodCodeHeapSize                   = 5836300                                {pd product} {ergonomic}
    uintx NonProfiledCodeHeapSize                  = 122910970                              {pd product} {ergonomic}
    uintx ProfiledCodeHeapSize                     = 122910970                              {pd product} {ergonomic}
    uintx ReservedCodeCacheSize                    = 251658240                              {pd product} {ergonomic}
     bool SegmentedCodeCache                       = true                                      {product} {ergonomic}
     bool UseCompressedClassPointers               = true                                 {lp64_product} {ergonomic}
     bool UseCompressedOops                        = true                                 {lp64_product} {ergonomic}
     bool UseG1GC                                  = true                                      {product} {ergonomic}
     bool UseLargePagesIndividualAllocation        = false                                  {pd product} {ergonomic}

Logging:
Log output configuration:
 #0: stdout all=warning uptime,level,tags
 #1: stderr all=off uptime,level,tags

Environment Variables:
JAVA_HOME=C:\Program Files\Java\jre1.8.0_191\bin
PATH=C:\Program Files\Common Files\Oracle\Java\javapath;C:\Program Files (x86)\NVIDIA Corporation\PhysX\Common;C:\Program Files (x86)\Common Files\Oracle\Java\javapath;C:\Program Files\Microsoft MPI\Bin\;C:\Program Files (x86)\Intel\Intel(R) Management Engine Components\iCLS\;C:\Program Files\Intel\Intel(R) Management Engine Components\iCLS\;C:\WINDOWS\system32;C:\WINDOWS;C:\WINDOWS\System32\Wbem;C:\WINDOWS\System32\WindowsPowerShell\v1.0\;C:\Program Files (x86)\Intel\Intel(R) Management Engine Components\DAL;C:\Program Files\Intel\Intel(R) Management Engine Components\DAL;C:\Program Files (x86)\Intel\Intel(R) Management Engine Components\IPT;C:\Program Files\Intel\Intel(R) Management Engine Components\IPT;C:\Program Files\dotnet\;C:\Program Files\Microsoft SQL Server\130\Tools\Binn\;C:\Program Files\Git\cmd;C:\WINDOWS\System32\OpenSSH\;C:\PROGRA~1\CONDUS~1\DISKEE~1\;C:\Ruby26-x64\bin;C:\Program Files\Java\jdk1.8.0_181\bin;C:\JuliaPro-1.5.2-1\Julia-1.5.2\bin;C:\Users\Fernando Alcalá\AppData\Roaming\nvm;C:\Program Files\nodejs;C:\Program Files (x86)\GtkSharp\2.12\bin;C:\Program Files (x86)\Dev-Cpp\MinGW64\bin;C:\kotlinc\bin;C:\Users\Fernando Alcalá\.cargo\bin;C:\Users\Fernando Alcalá\scoop\shims;C:\Ruby26-x64\bin;C:\Users\Fernando Alcalá\AppData\Local\Microsoft\WindowsApps;C:\Users\Fernando Alcalá\AppData\Local\atom\bin;C:\Users\Fernando Alcalá\AppData\Local\GitHubDesktop\bin;C:\Users\Fernando Alcalá\AppData\Local\Programs\Microsoft VS Code\bin;C:\Users\Fernando Alcalá\AppData\Roaming\npm;C:\Users\Fernando Alcalá\AppData\Roaming\nvm;C:\Program Files\nodejs;C:\Users\Fernando Alcalá\.dotnet\tools;C:\Users\Fernando Alcalá\miniconda3;;C:\Users\Fernando Alcalá\AppData\Local\Microsoft\WindowsApps
USERNAME=Fernando Alcalá
OS=Windows_NT
PROCESSOR_IDENTIFIER=Intel64 Family 6 Model 142 Stepping 10, GenuineIntel



---------------  S Y S T E M  ---------------

OS: Windows 10 , 64 bit Build 22000 (10.0.22000.613)
OS uptime: 7 days 8:18 hours

CPU:total 8 (initial active 8) (4 cores per cpu, 2 threads per core) family 6 model 142 stepping 10 microcode 0xe0, cmov, cx8, fxsr, mmx, sse, sse2, sse3, ssse3, sse4.1, sse4.2, popcnt, avx, avx2, aes, clmul, erms, 3dnowpref, lzcnt, ht, tsc, tscinvbit, bmi1, bmi2, adx, fma

Memory: 4k page, system-wide physical 12203M (1532M free)
TotalPageFile size 20395M (AvailPageFile size 5M)
current process WorkingSet (physical memory assigned to process): 210M, peak: 210M
current process commit charge ("private bytes"): 363M, peak: 363M

vm_info: OpenJDK 64-Bit Server VM (11.0.11+9-b60-7590822) for windows-amd64 JRE (11.0.11+9-b60-7590822), built on Jul 29 2021 21:43:44 by "builder" with MS VC++ 14.0 (VS2015)

END.
