#
# There is insufficient memory for the Java Runtime Environment to continue.
# Native memory allocation (malloc) failed to allocate 1022896 bytes for Chunk::new
# Possible reasons:
#   The system is out of physical RAM or swap space
#   The process is running with CompressedOops enabled, and the Java Heap may be blocking the growth of the native heap
# Possible solutions:
#   Reduce memory load on the system
#   Increase physical memory or swap space
#   Check if swap backing store is full
#   Decrease Java heap size (-Xmx/-Xms)
#   Decrease number of Java threads
#   Decrease Java thread stack sizes (-Xss)
#   Set larger code cache with -XX:ReservedCodeCacheSize=
#   JVM is running with Unscaled Compressed Oops mode in which the Java heap is
#     placed in the first 4GB address space. The Java Heap base address is the
#     maximum limit for the native heap growth. Please use -XX:HeapBaseMinAddress
#     to set the Java Heap base and to place the Java Heap above 4GB virtual address.
# This output file may be truncated or incomplete.
#
#  Out of Memory Error (./src/hotspot/share/memory/arena.cpp:197), pid=63184, tid=96736
#
# JRE version: OpenJDK Runtime Environment (11.0.11+9) (build 11.0.11+9-b60-7590822)
# Java VM: OpenJDK 64-Bit Server VM (11.0.11+9-b60-7590822, mixed mode, tiered, compressed oops, g1 gc, windows-amd64)
# No core dump will be written. Minidumps are not enabled by default on client versions of Windows
#

---------------  S U M M A R Y ------------

Command Line: --add-opens=java.base/java.util=ALL-UNNAMED --add-opens=java.base/java.lang=ALL-UNNAMED --add-opens=java.base/java.lang.invoke=ALL-UNNAMED --add-opens=java.base/java.util=ALL-UNNAMED --add-opens=java.prefs/java.util.prefs=ALL-UNNAMED --add-opens=java.prefs/java.util.prefs=ALL-UNNAMED --add-opens=java.base/java.nio.charset=ALL-UNNAMED --add-opens=java.base/java.net=ALL-UNNAMED --add-opens=java.base/java.util.concurrent.atomic=ALL-UNNAMED -Xmx2048m -Dfile.encoding=UTF-8 -Duser.country=MX -Duser.language=es -Duser.variant org.gradle.launcher.daemon.bootstrap.GradleDaemon 7.2

Host: Intel(R) Core(TM) i7-8550U CPU @ 1.80GHz, 8 cores, 11G,  Windows 10 , 64 bit Build 22000 (10.0.22000.613)
Time: Mon May  9 03:00:36 2022 Hora de verano central (M峰ico) elapsed time: 36.417220 seconds (0d 0h 0m 36s)

---------------  T H R E A D  ---------------

Current thread (0x000001ac481f2000):  JavaThread "C2 CompilerThread2" daemon [_thread_in_native, id=96736, stack(0x00000097b3600000,0x00000097b3700000)]


Current CompileTask:
C2:  36417 11330       4       com.android.tools.r8.graph.n2::a (2441 bytes)

Stack: [0x00000097b3600000,0x00000097b3700000]
Native frames: (J=compiled Java code, j=interpreted, Vv=VM code, C=native code)
V  [jvm.dll+0x5f214a]
V  [jvm.dll+0x726fb5]
V  [jvm.dll+0x7285cd]
V  [jvm.dll+0x728c83]
V  [jvm.dll+0x243278]
V  [jvm.dll+0xbc53c]
V  [jvm.dll+0xbca3c]
V  [jvm.dll+0x353e7d]
V  [jvm.dll+0x19875c]
V  [jvm.dll+0x1fc2ee]
V  [jvm.dll+0x1fb3d4]
V  [jvm.dll+0x183d6c]
V  [jvm.dll+0x209a57]
V  [jvm.dll+0x2082a1]
V  [jvm.dll+0x6ef58f]
V  [jvm.dll+0x6e80b5]
V  [jvm.dll+0x5f1036]
C  [ucrtbase.dll+0x26c0c]
C  [KERNEL32.DLL+0x154e0]
C  [ntdll.dll+0x485b]


---------------  P R O C E S S  ---------------

Threads class SMR info:
_java_thread_list=0x000001ac44d6b240, length=136, elements={
0x000001ac27b92800, 0x000001ac4203e800, 0x000001ac42843800, 0x000001ac4289e800,
0x000001ac428a0800, 0x000001ac428a3800, 0x000001ac428ac800, 0x000001ac428d1000,
0x000001ac428dd000, 0x000001ac42a3e800, 0x000001ac441b4000, 0x000001ac45684800,
0x000001ac444af000, 0x000001ac44e8c000, 0x000001ac44e5b000, 0x000001ac459e0000,
0x000001ac4305c800, 0x000001ac44aea000, 0x000001ac43067800, 0x000001ac44ad9000,
0x000001ac44ad9800, 0x000001ac44ada800, 0x000001ac44ad6800, 0x000001ac44ad5800,
0x000001ac44adb800, 0x000001ac44adc000, 0x000001ac44ad8000, 0x000001ac44ad7800,
0x000001ac43c30000, 0x000001ac43c2d800, 0x000001ac43c31800, 0x000001ac43c31000,
0x000001ac43c2f800, 0x000001ac43c34000, 0x000001ac43c37800, 0x000001ac43c35000,
0x000001ac43c38800, 0x000001ac43c32800, 0x000001ac43c3a000, 0x000001ac43c36800,
0x000001ac43c36000, 0x000001ac43c3b800, 0x000001ac43c39000, 0x000001ac43c3a800,
0x000001ac43c3c800, 0x000001ac487ba000, 0x000001ac487bb000, 0x000001ac487b9800,
0x000001ac487bd800, 0x000001ac487b7800, 0x000001ac487bc000, 0x000001ac487bc800,
0x000001ac487be000, 0x000001ac487b8800, 0x000001ac44bc2000, 0x000001ac44bc2800,
0x000001ac44bc3800, 0x000001ac44bc4000, 0x000001ac44bc1000, 0x000001ac44bc6000,
0x000001ac44bc9000, 0x000001ac44bca000, 0x000001ac44bc5000, 0x000001ac44bcb000,
0x000001ac44bc8800, 0x000001ac44bcb800, 0x000001ac44bcc800, 0x000001ac44bc6800,
0x000001ac44bcd000, 0x000001ac44bc7800, 0x000001ac44bce000, 0x000001ac44bcf000,
0x000001ac44bcf800, 0x000001ac462d3800, 0x000001ac462d4800, 0x000001ac462d7000,
0x000001ac462d6000, 0x000001ac462db000, 0x000001ac462d7800, 0x000001ac462d8800,
0x000001ac462d5000, 0x000001ac462de000, 0x000001ac462df000, 0x000001ac462db800,
0x000001ac462dd800, 0x000001ac462d9000, 0x000001ac462dc800, 0x000001ac462e0000,
0x000001ac462da000, 0x000001ac462e1800, 0x000001ac462e0800, 0x000001ac462e2000,
0x000001ac45052000, 0x000001ac45056000, 0x000001ac45052800, 0x000001ac45054800,
0x000001ac45056800, 0x000001ac45057800, 0x000001ac45058800, 0x000001ac45059000,
0x000001ac45055000, 0x000001ac45053800, 0x000001ac4505f800, 0x000001ac4505b000,
0x000001ac4505b800, 0x000001ac4505a000, 0x000001ac4505e000, 0x000001ac4505c800,
0x000001ac4505d000, 0x000001ac4505f000, 0x000001ac45060800, 0x000001ac46111800,
0x000001ac46112800, 0x000001ac4610f800, 0x000001ac4610e800, 0x000001ac46110000,
0x000001ac46116800, 0x000001ac46113800, 0x000001ac46114000, 0x000001ac46111000,
0x000001ac46115000, 0x000001ac4611a800, 0x000001ac46117800, 0x000001ac4611b800,
0x000001ac46116000, 0x000001ac4611c800, 0x000001ac4611d000, 0x000001ac46118800,
0x000001ac4346b800, 0x000001ac4346f000, 0x000001ac43469800, 0x000001ac4346c800,
0x000001ac4346d800, 0x000001ac499cf000, 0x000001ac481f2000, 0x000001ac4346e000
}

Java Threads: ( => current thread )
  0x000001ac27b92800 JavaThread "main" [_thread_blocked, id=96688, stack(0x00000097aac00000,0x00000097aad00000)]
  0x000001ac4203e800 JavaThread "Reference Handler" daemon [_thread_blocked, id=74540, stack(0x00000097ab300000,0x00000097ab400000)]
  0x000001ac42843800 JavaThread "Finalizer" daemon [_thread_blocked, id=95432, stack(0x00000097ab400000,0x00000097ab500000)]
  0x000001ac4289e800 JavaThread "Signal Dispatcher" daemon [_thread_blocked, id=84204, stack(0x00000097ab500000,0x00000097ab600000)]
  0x000001ac428a0800 JavaThread "Attach Listener" daemon [_thread_blocked, id=97344, stack(0x00000097ab600000,0x00000097ab700000)]
  0x000001ac428a3800 JavaThread "Service Thread" daemon [_thread_blocked, id=15304, stack(0x00000097ab700000,0x00000097ab800000)]
  0x000001ac428ac800 JavaThread "C2 CompilerThread0" daemon [_thread_in_native, id=91684, stack(0x00000097ab800000,0x00000097ab900000)]
  0x000001ac428d1000 JavaThread "C1 CompilerThread0" daemon [_thread_blocked, id=94312, stack(0x00000097ab900000,0x00000097aba00000)]
  0x000001ac428dd000 JavaThread "Sweeper thread" daemon [_thread_blocked, id=84864, stack(0x00000097aba00000,0x00000097abb00000)]
  0x000001ac42a3e800 JavaThread "Common-Cleaner" daemon [_thread_blocked, id=95560, stack(0x00000097abb00000,0x00000097abc00000)]
  0x000001ac441b4000 JavaThread "Daemon health stats" [_thread_blocked, id=95484, stack(0x00000097ac200000,0x00000097ac300000)]
  0x000001ac45684800 JavaThread "Incoming local TCP Connector on port 50466" [_thread_in_native, id=71832, stack(0x00000097abd00000,0x00000097abe00000)]
  0x000001ac444af000 JavaThread "Daemon periodic checks" [_thread_blocked, id=93572, stack(0x00000097ac100000,0x00000097ac200000)]
  0x000001ac44e8c000 JavaThread "Daemon" [_thread_blocked, id=90376, stack(0x00000097ac300000,0x00000097ac400000)]
  0x000001ac44e5b000 JavaThread "Handler for socket connection from /127.0.0.1:50466 to /127.0.0.1:50467" [_thread_in_native, id=92232, stack(0x00000097ac400000,0x00000097ac500000)]
  0x000001ac459e0000 JavaThread "Cancel handler" [_thread_blocked, id=328, stack(0x00000097ac500000,0x00000097ac600000)]
  0x000001ac4305c800 JavaThread "Daemon worker" [_thread_blocked, id=91672, stack(0x00000097ac600000,0x00000097ac700000)]
  0x000001ac44aea000 JavaThread "Asynchronous log dispatcher for DefaultDaemonConnection: socket connection from /127.0.0.1:50466 to /127.0.0.1:50467" [_thread_blocked, id=62584, stack(0x00000097ac700000,0x00000097ac800000)]
  0x000001ac43067800 JavaThread "Stdin handler" [_thread_blocked, id=81376, stack(0x00000097ac800000,0x00000097ac900000)]
  0x000001ac44ad9000 JavaThread "Daemon client event forwarder" [_thread_blocked, id=88720, stack(0x00000097ac900000,0x00000097aca00000)]
  0x000001ac44ad9800 JavaThread "Cache worker for journal cache (C:\Users\Fernando Alcal치\.gradle\caches\journal-1)" [_thread_blocked, id=93168, stack(0x00000097acb00000,0x00000097acc00000)]
  0x000001ac44ada800 JavaThread "File lock request listener" [_thread_in_native, id=68120, stack(0x00000097acc00000,0x00000097acd00000)]
  0x000001ac44ad6800 JavaThread "Cache worker for file hash cache (C:\Users\Fernando Alcal치\.gradle\caches\7.2\fileHashes)" [_thread_blocked, id=11340, stack(0x00000097acd00000,0x00000097ace00000)]
  0x000001ac44ad5800 JavaThread "Cache worker for file hash cache (C:\Proyectos Android Studio\Bookpedia\.gradle\7.2\fileHashes)" [_thread_blocked, id=91732, stack(0x00000097ad300000,0x00000097ad400000)]
  0x000001ac44adb800 JavaThread "File watcher server" daemon [_thread_in_native, id=69976, stack(0x00000097ad500000,0x00000097ad600000)]
  0x000001ac44adc000 JavaThread "File watcher consumer" daemon [_thread_blocked, id=97648, stack(0x00000097ad600000,0x00000097ad700000)]
  0x000001ac44ad8000 JavaThread "Cache worker for checksums cache (C:\Proyectos Android Studio\Bookpedia\.gradle\checksums)" [_thread_blocked, id=85404, stack(0x00000097ad200000,0x00000097ad300000)]
  0x000001ac44ad7800 JavaThread "Cache worker for cache directory md-supplier (C:\Users\Fernando Alcal치\.gradle\caches\7.2\md-supplier)" [_thread_blocked, id=97848, stack(0x00000097ad400000,0x00000097ad500000)]
  0x000001ac43c30000 JavaThread "Cache worker for cache directory md-rule (C:\Users\Fernando Alcal치\.gradle\caches\7.2\md-rule)" [_thread_blocked, id=85036, stack(0x00000097ad800000,0x00000097ad900000)]
  0x000001ac43c2d800 JavaThread "Cache worker for execution history cache (C:\Users\Fernando Alcal치\.gradle\caches\7.2\executionHistory)" [_thread_blocked, id=84912, stack(0x00000097ada00000,0x00000097adb00000)]
  0x000001ac43c31800 JavaThread "jar transforms" [_thread_blocked, id=86596, stack(0x00000097adb00000,0x00000097adc00000)]
  0x000001ac43c31000 JavaThread "jar transforms Thread 2" [_thread_blocked, id=87720, stack(0x00000097adc00000,0x00000097add00000)]
  0x000001ac43c2f800 JavaThread "Cache worker for file content cache (C:\Users\Fernando Alcal치\.gradle\caches\7.2\fileContent)" [_thread_blocked, id=67616, stack(0x00000097add00000,0x00000097ade00000)]
  0x000001ac43c34000 JavaThread "Cache worker for dependencies-accessors (C:\Proyectos Android Studio\Bookpedia\.gradle\7.2\dependencies-accessors)" [_thread_blocked, id=2620, stack(0x00000097ade00000,0x00000097adf00000)]
  0x000001ac43c37800 JavaThread "jar transforms Thread 3" [_thread_blocked, id=54588, stack(0x00000097adf00000,0x00000097ae000000)]
  0x000001ac43c35000 JavaThread "Cache worker for Build Output Cleanup Cache (C:\Proyectos Android Studio\Bookpedia\.gradle\buildOutputCleanup)" [_thread_blocked, id=69384, stack(0x00000097ae000000,0x00000097ae100000)]
  0x000001ac43c38800 JavaThread "Unconstrained build operations" [_thread_blocked, id=63112, stack(0x00000097ae100000,0x00000097ae200000)]
  0x000001ac43c32800 JavaThread "Unconstrained build operations Thread 2" [_thread_blocked, id=6884, stack(0x00000097ae200000,0x00000097ae300000)]
  0x000001ac43c3a000 JavaThread "Unconstrained build operations Thread 3" [_thread_blocked, id=76328, stack(0x00000097ae300000,0x00000097ae400000)]
  0x000001ac43c36800 JavaThread "Unconstrained build operations Thread 4" [_thread_blocked, id=97144, stack(0x00000097ae400000,0x00000097ae500000)]
  0x000001ac43c36000 JavaThread "Unconstrained build operations Thread 5" [_thread_blocked, id=3848, stack(0x00000097ae500000,0x00000097ae600000)]
  0x000001ac43c3b800 JavaThread "Unconstrained build operations Thread 6" [_thread_blocked, id=91152, stack(0x00000097ae600000,0x00000097ae700000)]
  0x000001ac43c39000 JavaThread "Unconstrained build operations Thread 7" [_thread_blocked, id=82496, stack(0x00000097ae700000,0x00000097ae800000)]
  0x000001ac43c3a800 JavaThread "Unconstrained build operations Thread 8" [_thread_blocked, id=72884, stack(0x00000097ae800000,0x00000097ae900000)]
  0x000001ac43c3c800 JavaThread "Unconstrained build operations Thread 9" [_thread_blocked, id=86580, stack(0x00000097ae900000,0x00000097aea00000)]
  0x000001ac487ba000 JavaThread "Unconstrained build operations Thread 10" [_thread_blocked, id=89072, stack(0x00000097aea00000,0x00000097aeb00000)]
  0x000001ac487bb000 JavaThread "Unconstrained build operations Thread 11" [_thread_blocked, id=89176, stack(0x00000097aeb00000,0x00000097aec00000)]
  0x000001ac487b9800 JavaThread "Unconstrained build operations Thread 12" [_thread_blocked, id=91584, stack(0x00000097aec00000,0x00000097aed00000)]
  0x000001ac487bd800 JavaThread "Unconstrained build operations Thread 13" [_thread_blocked, id=57280, stack(0x00000097aed00000,0x00000097aee00000)]
  0x000001ac487b7800 JavaThread "Unconstrained build operations Thread 14" [_thread_blocked, id=11384, stack(0x00000097aee00000,0x00000097aef00000)]
  0x000001ac487bc000 JavaThread "Unconstrained build operations Thread 15" [_thread_blocked, id=72464, stack(0x00000097aef00000,0x00000097af000000)]
  0x000001ac487bc800 JavaThread "Unconstrained build operations Thread 16" [_thread_blocked, id=97972, stack(0x00000097af000000,0x00000097af100000)]
  0x000001ac487be000 JavaThread "Unconstrained build operations Thread 17" [_thread_blocked, id=46184, stack(0x00000097af100000,0x00000097af200000)]
  0x000001ac487b8800 JavaThread "Unconstrained build operations Thread 18" [_thread_blocked, id=91912, stack(0x00000097af200000,0x00000097af300000)]
  0x000001ac44bc2000 JavaThread "Unconstrained build operations Thread 19" [_thread_blocked, id=31968, stack(0x00000097af300000,0x00000097af400000)]
  0x000001ac44bc2800 JavaThread "Unconstrained build operations Thread 20" [_thread_blocked, id=97164, stack(0x00000097af400000,0x00000097af500000)]
  0x000001ac44bc3800 JavaThread "Unconstrained build operations Thread 21" [_thread_blocked, id=90860, stack(0x00000097af500000,0x00000097af600000)]
  0x000001ac44bc4000 JavaThread "Unconstrained build operations Thread 22" [_thread_blocked, id=95760, stack(0x00000097af600000,0x00000097af700000)]
  0x000001ac44bc1000 JavaThread "Unconstrained build operations Thread 23" [_thread_blocked, id=84832, stack(0x00000097af700000,0x00000097af800000)]
  0x000001ac44bc6000 JavaThread "Unconstrained build operations Thread 24" [_thread_blocked, id=11200, stack(0x00000097af800000,0x00000097af900000)]
  0x000001ac44bc9000 JavaThread "Unconstrained build operations Thread 25" [_thread_blocked, id=40800, stack(0x00000097af900000,0x00000097afa00000)]
  0x000001ac44bca000 JavaThread "Unconstrained build operations Thread 26" [_thread_blocked, id=95832, stack(0x00000097afa00000,0x00000097afb00000)]
  0x000001ac44bc5000 JavaThread "Unconstrained build operations Thread 27" [_thread_blocked, id=10668, stack(0x00000097afb00000,0x00000097afc00000)]
  0x000001ac44bcb000 JavaThread "Unconstrained build operations Thread 28" [_thread_blocked, id=96044, stack(0x00000097afc00000,0x00000097afd00000)]
  0x000001ac44bc8800 JavaThread "Unconstrained build operations Thread 29" [_thread_blocked, id=9544, stack(0x00000097afd00000,0x00000097afe00000)]
  0x000001ac44bcb800 JavaThread "Unconstrained build operations Thread 30" [_thread_in_vm, id=95288, stack(0x00000097afe00000,0x00000097aff00000)]
  0x000001ac44bcc800 JavaThread "Unconstrained build operations Thread 31" [_thread_blocked, id=62320, stack(0x00000097aff00000,0x00000097b0000000)]
  0x000001ac44bc6800 JavaThread "Unconstrained build operations Thread 32" [_thread_blocked, id=91708, stack(0x00000097b0000000,0x00000097b0100000)]
  0x000001ac44bcd000 JavaThread "Unconstrained build operations Thread 33" [_thread_blocked, id=72768, stack(0x00000097b0100000,0x00000097b0200000)]
  0x000001ac44bc7800 JavaThread "Unconstrained build operations Thread 34" [_thread_blocked, id=76136, stack(0x00000097b0200000,0x00000097b0300000)]
  0x000001ac44bce000 JavaThread "Unconstrained build operations Thread 35" [_thread_blocked, id=65812, stack(0x00000097b0300000,0x00000097b0400000)]
  0x000001ac44bcf000 JavaThread "Unconstrained build operations Thread 36" [_thread_blocked, id=94328, stack(0x00000097b0400000,0x00000097b0500000)]
  0x000001ac44bcf800 JavaThread "Unconstrained build operations Thread 37" [_thread_blocked, id=73756, stack(0x00000097b0500000,0x00000097b0600000)]
  0x000001ac462d3800 JavaThread "Unconstrained build operations Thread 38" [_thread_blocked, id=93308, stack(0x00000097b0600000,0x00000097b0700000)]
  0x000001ac462d4800 JavaThread "Unconstrained build operations Thread 39" [_thread_blocked, id=68696, stack(0x00000097b0700000,0x00000097b0800000)]
  0x000001ac462d7000 JavaThread "Unconstrained build operations Thread 40" [_thread_blocked, id=86128, stack(0x00000097b0800000,0x00000097b0900000)]
  0x000001ac462d6000 JavaThread "Unconstrained build operations Thread 41" [_thread_blocked, id=22772, stack(0x00000097b0900000,0x00000097b0a00000)]
  0x000001ac462db000 JavaThread "Unconstrained build operations Thread 42" [_thread_blocked, id=8396, stack(0x00000097b0a00000,0x00000097b0b00000)]
  0x000001ac462d7800 JavaThread "Unconstrained build operations Thread 43" [_thread_blocked, id=88464, stack(0x00000097b0b00000,0x00000097b0c00000)]
  0x000001ac462d8800 JavaThread "Unconstrained build operations Thread 44" [_thread_blocked, id=96292, stack(0x00000097b0c00000,0x00000097b0d00000)]
  0x000001ac462d5000 JavaThread "Unconstrained build operations Thread 45" [_thread_blocked, id=91928, stack(0x00000097b0d00000,0x00000097b0e00000)]
  0x000001ac462de000 JavaThread "Unconstrained build operations Thread 46" [_thread_blocked, id=97700, stack(0x00000097b0e00000,0x00000097b0f00000)]
  0x000001ac462df000 JavaThread "Unconstrained build operations Thread 47" [_thread_blocked, id=72500, stack(0x00000097b0f00000,0x00000097b1000000)]
  0x000001ac462db800 JavaThread "Unconstrained build operations Thread 48" [_thread_blocked, id=8184, stack(0x00000097b1000000,0x00000097b1100000)]
  0x000001ac462dd800 JavaThread "Unconstrained build operations Thread 49" [_thread_blocked, id=13932, stack(0x00000097b1100000,0x00000097b1200000)]
  0x000001ac462d9000 JavaThread "Unconstrained build operations Thread 50" [_thread_blocked, id=94232, stack(0x00000097b1200000,0x00000097b1300000)]
  0x000001ac462dc800 JavaThread "Unconstrained build operations Thread 51" [_thread_blocked, id=93088, stack(0x00000097b1300000,0x00000097b1400000)]
  0x000001ac462e0000 JavaThread "Unconstrained build operations Thread 52" [_thread_blocked, id=65708, stack(0x00000097b1400000,0x00000097b1500000)]
  0x000001ac462da000 JavaThread "Unconstrained build operations Thread 53" [_thread_blocked, id=92448, stack(0x00000097b1500000,0x00000097b1600000)]
  0x000001ac462e1800 JavaThread "Unconstrained build operations Thread 54" [_thread_blocked, id=95124, stack(0x00000097b1600000,0x00000097b1700000)]
  0x000001ac462e0800 JavaThread "Unconstrained build operations Thread 55" [_thread_blocked, id=65036, stack(0x00000097b1700000,0x00000097b1800000)]
  0x000001ac462e2000 JavaThread "Unconstrained build operations Thread 56" [_thread_blocked, id=89516, stack(0x00000097b1800000,0x00000097b1900000)]
  0x000001ac45052000 JavaThread "Unconstrained build operations Thread 57" [_thread_blocked, id=97076, stack(0x00000097b1900000,0x00000097b1a00000)]
  0x000001ac45056000 JavaThread "Unconstrained build operations Thread 58" [_thread_blocked, id=54576, stack(0x00000097b1a00000,0x00000097b1b00000)]
  0x000001ac45052800 JavaThread "Unconstrained build operations Thread 59" [_thread_blocked, id=94844, stack(0x00000097b1b00000,0x00000097b1c00000)]
  0x000001ac45054800 JavaThread "Unconstrained build operations Thread 60" [_thread_blocked, id=91740, stack(0x00000097b1c00000,0x00000097b1d00000)]
  0x000001ac45056800 JavaThread "Unconstrained build operations Thread 61" [_thread_blocked, id=92688, stack(0x00000097b1d00000,0x00000097b1e00000)]
  0x000001ac45057800 JavaThread "Unconstrained build operations Thread 62" [_thread_blocked, id=72340, stack(0x00000097b1e00000,0x00000097b1f00000)]
  0x000001ac45058800 JavaThread "Unconstrained build operations Thread 63" [_thread_blocked, id=77212, stack(0x00000097b1f00000,0x00000097b2000000)]
  0x000001ac45059000 JavaThread "Unconstrained build operations Thread 64" [_thread_blocked, id=81912, stack(0x00000097b2000000,0x00000097b2100000)]
  0x000001ac45055000 JavaThread "Unconstrained build operations Thread 65" [_thread_blocked, id=93828, stack(0x00000097b2100000,0x00000097b2200000)]
  0x000001ac45053800 JavaThread "Unconstrained build operations Thread 66" [_thread_blocked, id=80292, stack(0x00000097b2200000,0x00000097b2300000)]
  0x000001ac4505f800 JavaThread "Unconstrained build operations Thread 67" [_thread_blocked, id=70592, stack(0x00000097b2300000,0x00000097b2400000)]
  0x000001ac4505b000 JavaThread "Unconstrained build operations Thread 68" [_thread_blocked, id=83536, stack(0x00000097b2400000,0x00000097b2500000)]
  0x000001ac4505b800 JavaThread "Unconstrained build operations Thread 69" [_thread_blocked, id=77332, stack(0x00000097b2500000,0x00000097b2600000)]
  0x000001ac4505a000 JavaThread "Unconstrained build operations Thread 70" [_thread_blocked, id=96464, stack(0x00000097b2600000,0x00000097b2700000)]
  0x000001ac4505e000 JavaThread "Unconstrained build operations Thread 71" [_thread_blocked, id=12952, stack(0x00000097b2700000,0x00000097b2800000)]
  0x000001ac4505c800 JavaThread "Unconstrained build operations Thread 72" [_thread_blocked, id=71848, stack(0x00000097b2800000,0x00000097b2900000)]
  0x000001ac4505d000 JavaThread "Unconstrained build operations Thread 73" [_thread_blocked, id=35656, stack(0x00000097b2900000,0x00000097b2a00000)]
  0x000001ac4505f000 JavaThread "Unconstrained build operations Thread 74" [_thread_blocked, id=90484, stack(0x00000097b2a00000,0x00000097b2b00000)]
  0x000001ac45060800 JavaThread "Unconstrained build operations Thread 75" [_thread_blocked, id=94268, stack(0x00000097b2b00000,0x00000097b2c00000)]
  0x000001ac46111800 JavaThread "Unconstrained build operations Thread 76" [_thread_blocked, id=70860, stack(0x00000097b2c00000,0x00000097b2d00000)]
  0x000001ac46112800 JavaThread "Unconstrained build operations Thread 77" [_thread_blocked, id=98052, stack(0x00000097b2d00000,0x00000097b2e00000)]
  0x000001ac4610f800 JavaThread "Unconstrained build operations Thread 78" [_thread_blocked, id=73348, stack(0x00000097b2e00000,0x00000097b2f00000)]
  0x000001ac4610e800 JavaThread "Unconstrained build operations Thread 79" [_thread_blocked, id=36796, stack(0x00000097b2f00000,0x00000097b3000000)]
  0x000001ac46110000 JavaThread "Unconstrained build operations Thread 80" [_thread_blocked, id=96404, stack(0x00000097b3000000,0x00000097b3100000)]
  0x000001ac46116800 JavaThread "jar transforms Thread 4" [_thread_blocked, id=3980, stack(0x00000097b3100000,0x00000097b3200000)]
  0x000001ac46113800 JavaThread "jar transforms Thread 5" [_thread_blocked, id=87512, stack(0x00000097b3200000,0x00000097b3300000)]
  0x000001ac46114000 JavaThread "jar transforms Thread 6" [_thread_blocked, id=80400, stack(0x00000097b3300000,0x00000097b3400000)]
  0x000001ac46111000 JavaThread "jar transforms Thread 7" [_thread_blocked, id=77984, stack(0x00000097b3400000,0x00000097b3500000)]
  0x000001ac46115000 JavaThread "jar transforms Thread 8" [_thread_blocked, id=89404, stack(0x00000097b3500000,0x00000097b3600000)]
  0x000001ac4611a800 JavaThread "Memory manager" [_thread_blocked, id=10516, stack(0x00000097b3700000,0x00000097b3800000)]
  0x000001ac46117800 JavaThread "build event listener" [_thread_blocked, id=78736, stack(0x00000097b3800000,0x00000097b3900000)]
  0x000001ac4611b800 JavaThread "pool-3-thread-1" [_thread_blocked, id=86888, stack(0x00000097b3900000,0x00000097b3a00000)]
  0x000001ac46116000 JavaThread "build event listener" [_thread_blocked, id=87140, stack(0x00000097b3a00000,0x00000097b3b00000)]
  0x000001ac4611c800 JavaThread "Execution worker for ':'" [_thread_blocked, id=34272, stack(0x00000097b3b00000,0x00000097b3c00000)]
  0x000001ac4611d000 JavaThread "Execution worker for ':' Thread 2" [_thread_blocked, id=92224, stack(0x00000097b3c00000,0x00000097b3d00000)]
  0x000001ac46118800 JavaThread "Execution worker for ':' Thread 3" [_thread_blocked, id=93936, stack(0x00000097b3d00000,0x00000097b3e00000)]
  0x000001ac4346b800 JavaThread "Execution worker for ':' Thread 4" [_thread_blocked, id=93104, stack(0x00000097b3e00000,0x00000097b3f00000)]
  0x000001ac4346f000 JavaThread "Execution worker for ':' Thread 5" [_thread_blocked, id=89184, stack(0x00000097b3f00000,0x00000097b4000000)]
  0x000001ac43469800 JavaThread "Execution worker for ':' Thread 6" [_thread_blocked, id=98044, stack(0x00000097b4000000,0x00000097b4100000)]
  0x000001ac4346c800 JavaThread "Execution worker for ':' Thread 7" [_thread_blocked, id=98156, stack(0x00000097b4100000,0x00000097b4200000)]
  0x000001ac4346d800 JavaThread "Cache worker for execution history cache (C:\Proyectos Android Studio\Bookpedia\.gradle\7.2\executionHistory)" [_thread_blocked, id=96852, stack(0x00000097b4200000,0x00000097b4300000)]
  0x000001ac499cf000 JavaThread "C2 CompilerThread1" daemon [_thread_in_native, id=55936, stack(0x00000097ad700000,0x00000097ad800000)]
=>0x000001ac481f2000 JavaThread "C2 CompilerThread2" daemon [_thread_in_native, id=96736, stack(0x00000097b3600000,0x00000097b3700000)]
  0x000001ac4346e000 JavaThread "WorkerExecutor Queue" [_thread_blocked, id=51604, stack(0x00000097b4300000,0x00000097b4400000)]

Other Threads:
  0x000001ac4203b000 VMThread "VM Thread" [stack: 0x00000097ab200000,0x00000097ab300000] [id=91972]
  0x000001ac42a56800 WatcherThread [stack: 0x00000097abc00000,0x00000097abd00000] [id=77124]
  0x000001ac27bab000 GCTaskThread "GC Thread#0" [stack: 0x00000097aad00000,0x00000097aae00000] [id=96960]
  0x000001ac42abe000 GCTaskThread "GC Thread#1" [stack: 0x00000097abe00000,0x00000097abf00000] [id=93092]
  0x000001ac42ac2000 GCTaskThread "GC Thread#2" [stack: 0x00000097abf00000,0x00000097ac000000] [id=95976]
  0x000001ac42abb800 GCTaskThread "GC Thread#3" [stack: 0x00000097ac000000,0x00000097ac100000] [id=74444]
  0x000001ac42ac0800 GCTaskThread "GC Thread#4" [stack: 0x00000097aca00000,0x00000097acb00000] [id=70764]
  0x000001ac42ac1000 GCTaskThread "GC Thread#5" [stack: 0x00000097ace00000,0x00000097acf00000] [id=19844]
  0x000001ac42ac2800 GCTaskThread "GC Thread#6" [stack: 0x00000097acf00000,0x00000097ad000000] [id=97132]
  0x000001ac42abf000 GCTaskThread "GC Thread#7" [stack: 0x00000097ad000000,0x00000097ad100000] [id=61660]
  0x000001ac27be0000 ConcurrentGCThread "G1 Main Marker" [stack: 0x00000097aae00000,0x00000097aaf00000] [id=96028]
  0x000001ac27be1000 ConcurrentGCThread "G1 Conc#0" [stack: 0x00000097aaf00000,0x00000097ab000000] [id=93912]
  0x000001ac42abc000 ConcurrentGCThread "G1 Conc#1" [stack: 0x00000097ad100000,0x00000097ad200000] [id=46188]
  0x000001ac27c6e000 ConcurrentGCThread "G1 Refine#0" [stack: 0x00000097ab000000,0x00000097ab100000] [id=86608]
  0x000001ac49b54000 ConcurrentGCThread "G1 Refine#1" [stack: 0x00000097ad900000,0x00000097ada00000] [id=68684]
  0x000001ac54e36800 ConcurrentGCThread "G1 Refine#2" [stack: 0x00000097b4600000,0x00000097b4700000] [id=83124]
  0x000001ac41e8e800 ConcurrentGCThread "G1 Young RemSet Sampling" [stack: 0x00000097ab100000,0x00000097ab200000] [id=95296]

Threads with active compile tasks:
C2 CompilerThread0  36514 11365       4       com.android.tools.r8.internal.mH0::a (6068 bytes)
C2 CompilerThread1  36514 11327       4       com.android.tools.r8.internal.mH0::a (4225 bytes)
C2 CompilerThread2  36514 11330       4       com.android.tools.r8.graph.n2::a (2441 bytes)

VM state:at safepoint (normal execution)

VM Mutex/Monitor currently owned by a thread:  ([mutex/lock_event])
[0x000001ac27b8eb30] Threads_lock - owner thread: 0x000001ac4203b000
[0x000001ac27b8ea10] Heap_lock - owner thread: 0x000001ac45058800

Heap address: 0x0000000080000000, size: 2048 MB, Compressed Oops mode: 32-bit
Narrow klass base: 0x0000000000000000, Narrow klass shift: 3
Compressed class space size: 1073741824 Address: 0x0000000100000000

Heap:
 garbage-first heap   total 284672K, used 169831K [0x0000000080000000, 0x0000000100000000)
  region size 1024K, 5 young (5120K), 5 survivors (5120K)
 Metaspace       used 99541K, capacity 101879K, committed 102052K, reserved 1138688K
  class space    used 12969K, capacity 13885K, committed 13952K, reserved 1048576K
Heap Regions: E=young(eden), S=young(survivor), O=old, HS=humongous(starts), HC=humongous(continues), CS=collection set, F=free, A=archive, TAMS=top-at-mark-start (previous, next)
|   0|0x0000000080000000, 0x0000000080100000, 0x0000000080100000|100%| O|  |TAMS 0x0000000080100000, 0x0000000080000000| Untracked 
|   1|0x0000000080100000, 0x0000000080200000, 0x0000000080200000|100%| O|  |TAMS 0x0000000080200000, 0x0000000080100000| Untracked 
|   2|0x0000000080200000, 0x0000000080300000, 0x0000000080300000|100%| O|  |TAMS 0x0000000080300000, 0x0000000080200000| Untracked 
|   3|0x0000000080300000, 0x0000000080400000, 0x0000000080400000|100%|HS|  |TAMS 0x0000000080400000, 0x0000000080300000| Complete 
|   4|0x0000000080400000, 0x0000000080500000, 0x0000000080500000|100%|HC|  |TAMS 0x0000000080500000, 0x0000000080400000| Complete 
|   5|0x0000000080500000, 0x0000000080600000, 0x0000000080600000|100%|HC|  |TAMS 0x0000000080600000, 0x0000000080500000| Complete 
|   6|0x0000000080600000, 0x0000000080700000, 0x0000000080700000|100%| O|  |TAMS 0x0000000080700000, 0x0000000080600000| Untracked 
|   7|0x0000000080700000, 0x0000000080800000, 0x0000000080800000|100%| O|  |TAMS 0x0000000080800000, 0x0000000080700000| Untracked 
|   8|0x0000000080800000, 0x0000000080900000, 0x0000000080900000|100%| O|  |TAMS 0x0000000080900000, 0x0000000080800000| Untracked 
|   9|0x0000000080900000, 0x0000000080a00000, 0x0000000080a00000|100%| O|  |TAMS 0x0000000080a00000, 0x0000000080900000| Untracked 
|  10|0x0000000080a00000, 0x0000000080b00000, 0x0000000080b00000|100%| O|  |TAMS 0x0000000080b00000, 0x0000000080a00000| Untracked 
|  11|0x0000000080b00000, 0x0000000080c00000, 0x0000000080c00000|100%| O|  |TAMS 0x0000000080c00000, 0x0000000080b00000| Untracked 
|  12|0x0000000080c00000, 0x0000000080d00000, 0x0000000080d00000|100%| O|  |TAMS 0x0000000080d00000, 0x0000000080c00000| Untracked 
|  13|0x0000000080d00000, 0x0000000080e00000, 0x0000000080e00000|100%| O|  |TAMS 0x0000000080e00000, 0x0000000080d00000| Untracked 
|  14|0x0000000080e00000, 0x0000000080f00000, 0x0000000080f00000|100%| O|  |TAMS 0x0000000080f00000, 0x0000000080e00000| Untracked 
|  15|0x0000000080f00000, 0x0000000081000000, 0x0000000081000000|100%| O|  |TAMS 0x0000000081000000, 0x0000000080f00000| Untracked 
|  16|0x0000000081000000, 0x0000000081100000, 0x0000000081100000|100%| O|  |TAMS 0x0000000081100000, 0x0000000081000000| Untracked 
|  17|0x0000000081100000, 0x0000000081200000, 0x0000000081200000|100%|HS|  |TAMS 0x0000000081200000, 0x0000000081100000| Complete 
|  18|0x0000000081200000, 0x0000000081300000, 0x0000000081300000|100%|HS|  |TAMS 0x0000000081300000, 0x0000000081200000| Complete 
|  19|0x0000000081300000, 0x0000000081400000, 0x0000000081400000|100%|HS|  |TAMS 0x0000000081400000, 0x0000000081300000| Complete 
|  20|0x0000000081400000, 0x0000000081500000, 0x0000000081500000|100%|HS|  |TAMS 0x0000000081500000, 0x0000000081400000| Complete 
|  21|0x0000000081500000, 0x0000000081600000, 0x0000000081600000|100%|HS|  |TAMS 0x0000000081600000, 0x0000000081500000| Complete 
|  22|0x0000000081600000, 0x0000000081700000, 0x0000000081700000|100%|HC|  |TAMS 0x0000000081700000, 0x0000000081600000| Complete 
|  23|0x0000000081700000, 0x0000000081800000, 0x0000000081800000|100%|HC|  |TAMS 0x0000000081800000, 0x0000000081700000| Complete 
|  24|0x0000000081800000, 0x0000000081900000, 0x0000000081900000|100%|HS|  |TAMS 0x0000000081900000, 0x0000000081800000| Complete 
|  25|0x0000000081900000, 0x0000000081a00000, 0x0000000081a00000|100%|HC|  |TAMS 0x0000000081a00000, 0x0000000081900000| Complete 
|  26|0x0000000081a00000, 0x0000000081affff8, 0x0000000081b00000| 99%| O|  |TAMS 0x0000000081affff8, 0x0000000081a00000| Untracked 
|  27|0x0000000081b00000, 0x0000000081c00000, 0x0000000081c00000|100%| O|  |TAMS 0x0000000081c00000, 0x0000000081b00000| Untracked 
|  28|0x0000000081c00000, 0x0000000081d00000, 0x0000000081d00000|100%| O|  |TAMS 0x0000000081d00000, 0x0000000081c00000| Untracked 
|  29|0x0000000081d00000, 0x0000000081e00000, 0x0000000081e00000|100%| O|  |TAMS 0x0000000081e00000, 0x0000000081d00000| Untracked 
|  30|0x0000000081e00000, 0x0000000081f00000, 0x0000000081f00000|100%| O|  |TAMS 0x0000000081f00000, 0x0000000081e00000| Untracked 
|  31|0x0000000081f00000, 0x0000000082000000, 0x0000000082000000|100%| O|  |TAMS 0x0000000082000000, 0x0000000081f00000| Untracked 
|  32|0x0000000082000000, 0x0000000082100000, 0x0000000082100000|100%| O|  |TAMS 0x0000000082100000, 0x0000000082000000| Untracked 
|  33|0x0000000082100000, 0x0000000082200000, 0x0000000082200000|100%| O|  |TAMS 0x0000000082200000, 0x0000000082100000| Untracked 
|  34|0x0000000082200000, 0x0000000082300000, 0x0000000082300000|100%| O|  |TAMS 0x0000000082300000, 0x0000000082200000| Untracked 
|  35|0x0000000082300000, 0x0000000082400000, 0x0000000082400000|100%| O|  |TAMS 0x0000000082400000, 0x0000000082300000| Untracked 
|  36|0x0000000082400000, 0x0000000082500000, 0x0000000082500000|100%| O|  |TAMS 0x0000000082500000, 0x0000000082400000| Untracked 
|  37|0x0000000082500000, 0x0000000082600000, 0x0000000082600000|100%| O|  |TAMS 0x0000000082600000, 0x0000000082500000| Untracked 
|  38|0x0000000082600000, 0x0000000082700000, 0x0000000082700000|100%| O|  |TAMS 0x0000000082700000, 0x0000000082600000| Untracked 
|  39|0x0000000082700000, 0x0000000082800000, 0x0000000082800000|100%| O|  |TAMS 0x0000000082800000, 0x0000000082700000| Untracked 
|  40|0x0000000082800000, 0x0000000082900000, 0x0000000082900000|100%| O|  |TAMS 0x0000000082900000, 0x0000000082800000| Untracked 
|  41|0x0000000082900000, 0x0000000082a00000, 0x0000000082a00000|100%| O|  |TAMS 0x0000000082a00000, 0x0000000082900000| Untracked 
|  42|0x0000000082a00000, 0x0000000082b00000, 0x0000000082b00000|100%| O|  |TAMS 0x0000000082b00000, 0x0000000082a00000| Untracked 
|  43|0x0000000082b00000, 0x0000000082c00000, 0x0000000082c00000|100%| O|  |TAMS 0x0000000082c00000, 0x0000000082b00000| Untracked 
|  44|0x0000000082c00000, 0x0000000082d00000, 0x0000000082d00000|100%| O|  |TAMS 0x0000000082d00000, 0x0000000082c00000| Untracked 
|  45|0x0000000082d00000, 0x0000000082e00000, 0x0000000082e00000|100%| O|  |TAMS 0x0000000082e00000, 0x0000000082d00000| Untracked 
|  46|0x0000000082e00000, 0x0000000082f00000, 0x0000000082f00000|100%| O|  |TAMS 0x0000000082f00000, 0x0000000082e00000| Untracked 
|  47|0x0000000082f00000, 0x0000000083000000, 0x0000000083000000|100%| O|  |TAMS 0x0000000083000000, 0x0000000082f00000| Untracked 
|  48|0x0000000083000000, 0x0000000083100000, 0x0000000083100000|100%| O|  |TAMS 0x0000000083100000, 0x0000000083000000| Untracked 
|  49|0x0000000083100000, 0x0000000083200000, 0x0000000083200000|100%| O|  |TAMS 0x0000000083200000, 0x0000000083100000| Untracked 
|  50|0x0000000083200000, 0x0000000083300000, 0x0000000083300000|100%| O|  |TAMS 0x0000000083300000, 0x0000000083200000| Untracked 
|  51|0x0000000083300000, 0x0000000083400000, 0x0000000083400000|100%| O|  |TAMS 0x0000000083400000, 0x0000000083300000| Untracked 
|  52|0x0000000083400000, 0x0000000083500000, 0x0000000083500000|100%| O|  |TAMS 0x0000000083500000, 0x0000000083400000| Untracked 
|  53|0x0000000083500000, 0x0000000083600000, 0x0000000083600000|100%| O|  |TAMS 0x0000000083600000, 0x0000000083500000| Untracked 
|  54|0x0000000083600000, 0x0000000083700000, 0x0000000083700000|100%| O|  |TAMS 0x0000000083700000, 0x0000000083600000| Untracked 
|  55|0x0000000083700000, 0x0000000083800000, 0x0000000083800000|100%| O|  |TAMS 0x0000000083800000, 0x0000000083700000| Untracked 
|  56|0x0000000083800000, 0x0000000083900000, 0x0000000083900000|100%| O|  |TAMS 0x0000000083900000, 0x0000000083800000| Untracked 
|  57|0x0000000083900000, 0x0000000083a00000, 0x0000000083a00000|100%| O|  |TAMS 0x0000000083a00000, 0x0000000083900000| Untracked 
|  58|0x0000000083a00000, 0x0000000083b00000, 0x0000000083b00000|100%| O|  |TAMS 0x0000000083b00000, 0x0000000083a00000| Untracked 
|  59|0x0000000083b00000, 0x0000000083c00000, 0x0000000083c00000|100%| O|  |TAMS 0x0000000083c00000, 0x0000000083b00000| Untracked 
|  60|0x0000000083c00000, 0x0000000083d00000, 0x0000000083d00000|100%| O|  |TAMS 0x0000000083d00000, 0x0000000083c00000| Untracked 
|  61|0x0000000083d00000, 0x0000000083e00000, 0x0000000083e00000|100%| O|  |TAMS 0x0000000083e00000, 0x0000000083d00000| Untracked 
|  62|0x0000000083e00000, 0x0000000083f00000, 0x0000000083f00000|100%| O|  |TAMS 0x0000000083f00000, 0x0000000083e00000| Untracked 
|  63|0x0000000083f00000, 0x0000000084000000, 0x0000000084000000|100%| O|  |TAMS 0x0000000084000000, 0x0000000083f00000| Untracked 
|  64|0x0000000084000000, 0x0000000084100000, 0x0000000084100000|100%| O|  |TAMS 0x0000000084100000, 0x0000000084000000| Untracked 
|  65|0x0000000084100000, 0x0000000084200000, 0x0000000084200000|100%| O|  |TAMS 0x0000000084200000, 0x0000000084100000| Untracked 
|  66|0x0000000084200000, 0x0000000084300000, 0x0000000084300000|100%| O|  |TAMS 0x0000000084300000, 0x0000000084200000| Untracked 
|  67|0x0000000084300000, 0x0000000084400000, 0x0000000084400000|100%| O|  |TAMS 0x0000000084400000, 0x0000000084300000| Untracked 
|  68|0x0000000084400000, 0x0000000084500000, 0x0000000084500000|100%| O|  |TAMS 0x0000000084500000, 0x0000000084400000| Untracked 
|  69|0x0000000084500000, 0x0000000084600000, 0x0000000084600000|100%| O|  |TAMS 0x0000000084600000, 0x0000000084500000| Untracked 
|  70|0x0000000084600000, 0x0000000084700000, 0x0000000084700000|100%| O|  |TAMS 0x0000000084700000, 0x0000000084600000| Untracked 
|  71|0x0000000084700000, 0x0000000084800000, 0x0000000084800000|100%| O|  |TAMS 0x0000000084800000, 0x0000000084700000| Untracked 
|  72|0x0000000084800000, 0x0000000084900000, 0x0000000084900000|100%| O|  |TAMS 0x0000000084900000, 0x0000000084800000| Untracked 
|  73|0x0000000084900000, 0x0000000084a00000, 0x0000000084a00000|100%| O|  |TAMS 0x0000000084a00000, 0x0000000084900000| Untracked 
|  74|0x0000000084a00000, 0x0000000084b00000, 0x0000000084b00000|100%| O|  |TAMS 0x0000000084b00000, 0x0000000084a00000| Untracked 
|  75|0x0000000084b00000, 0x0000000084c00000, 0x0000000084c00000|100%| O|  |TAMS 0x0000000084c00000, 0x0000000084b00000| Untracked 
|  76|0x0000000084c00000, 0x0000000084d00000, 0x0000000084d00000|100%| O|  |TAMS 0x0000000084d00000, 0x0000000084c00000| Untracked 
|  77|0x0000000084d00000, 0x0000000084e00000, 0x0000000084e00000|100%| O|  |TAMS 0x0000000084e00000, 0x0000000084d00000| Untracked 
|  78|0x0000000084e00000, 0x0000000084f00000, 0x0000000084f00000|100%| O|  |TAMS 0x0000000084f00000, 0x0000000084e00000| Untracked 
|  79|0x0000000084f00000, 0x0000000085000000, 0x0000000085000000|100%| O|  |TAMS 0x0000000085000000, 0x0000000084f00000| Untracked 
|  80|0x0000000085000000, 0x0000000085100000, 0x0000000085100000|100%| O|  |TAMS 0x0000000085100000, 0x0000000085000000| Untracked 
|  81|0x0000000085100000, 0x0000000085200000, 0x0000000085200000|100%| O|  |TAMS 0x0000000085200000, 0x0000000085100000| Untracked 
|  82|0x0000000085200000, 0x0000000085300000, 0x0000000085300000|100%| O|  |TAMS 0x0000000085300000, 0x0000000085200000| Untracked 
|  83|0x0000000085300000, 0x0000000085400000, 0x0000000085400000|100%| O|  |TAMS 0x0000000085400000, 0x0000000085300000| Untracked 
|  84|0x0000000085400000, 0x0000000085500000, 0x0000000085500000|100%|HS|  |TAMS 0x0000000085500000, 0x0000000085400000| Complete 
|  85|0x0000000085500000, 0x0000000085600000, 0x0000000085600000|100%| O|  |TAMS 0x0000000085600000, 0x0000000085500000| Untracked 
|  86|0x0000000085600000, 0x0000000085700000, 0x0000000085700000|100%| O|  |TAMS 0x0000000085700000, 0x0000000085600000| Untracked 
|  87|0x0000000085700000, 0x0000000085800000, 0x0000000085800000|100%| O|  |TAMS 0x0000000085800000, 0x0000000085700000| Untracked 
|  88|0x0000000085800000, 0x0000000085900000, 0x0000000085900000|100%| O|  |TAMS 0x0000000085900000, 0x0000000085800000| Untracked 
|  89|0x0000000085900000, 0x0000000085a00000, 0x0000000085a00000|100%| O|  |TAMS 0x0000000085a00000, 0x0000000085900000| Untracked 
|  90|0x0000000085a00000, 0x0000000085b00000, 0x0000000085b00000|100%| O|  |TAMS 0x0000000085b00000, 0x0000000085a00000| Untracked 
|  91|0x0000000085b00000, 0x0000000085c00000, 0x0000000085c00000|100%| O|  |TAMS 0x0000000085c00000, 0x0000000085b00000| Untracked 
|  92|0x0000000085c00000, 0x0000000085d00000, 0x0000000085d00000|100%| O|  |TAMS 0x0000000085d00000, 0x0000000085c00000| Untracked 
|  93|0x0000000085d00000, 0x0000000085e00000, 0x0000000085e00000|100%| O|  |TAMS 0x0000000085e00000, 0x0000000085d00000| Untracked 
|  94|0x0000000085e00000, 0x0000000085f00000, 0x0000000085f00000|100%| O|  |TAMS 0x0000000085f00000, 0x0000000085e00000| Untracked 
|  95|0x0000000085f00000, 0x0000000086000000, 0x0000000086000000|100%| O|  |TAMS 0x0000000086000000, 0x0000000085f00000| Untracked 
|  96|0x0000000086000000, 0x0000000086100000, 0x0000000086100000|100%| O|  |TAMS 0x0000000086100000, 0x0000000086000000| Untracked 
|  97|0x0000000086100000, 0x0000000086200000, 0x0000000086200000|100%| O|  |TAMS 0x0000000086200000, 0x0000000086100000| Untracked 
|  98|0x0000000086200000, 0x0000000086300000, 0x0000000086300000|100%| O|  |TAMS 0x0000000086300000, 0x0000000086200000| Untracked 
|  99|0x0000000086300000, 0x0000000086400000, 0x0000000086400000|100%| O|  |TAMS 0x0000000086400000, 0x0000000086300000| Untracked 
| 100|0x0000000086400000, 0x0000000086500000, 0x0000000086500000|100%| O|  |TAMS 0x0000000086500000, 0x0000000086400000| Untracked 
| 101|0x0000000086500000, 0x0000000086600000, 0x0000000086600000|100%| O|  |TAMS 0x0000000086600000, 0x0000000086500000| Untracked 
| 102|0x0000000086600000, 0x0000000086700000, 0x0000000086700000|100%| O|  |TAMS 0x0000000086700000, 0x0000000086600000| Untracked 
| 103|0x0000000086700000, 0x0000000086800000, 0x0000000086800000|100%| O|  |TAMS 0x0000000086800000, 0x0000000086700000| Untracked 
| 104|0x0000000086800000, 0x0000000086900000, 0x0000000086900000|100%| O|  |TAMS 0x0000000086900000, 0x0000000086800000| Untracked 
| 105|0x0000000086900000, 0x0000000086a00000, 0x0000000086a00000|100%| O|  |TAMS 0x0000000086a00000, 0x0000000086900000| Untracked 
| 106|0x0000000086a00000, 0x0000000086b00000, 0x0000000086b00000|100%| O|  |TAMS 0x0000000086b00000, 0x0000000086a00000| Untracked 
| 107|0x0000000086b00000, 0x0000000086c00000, 0x0000000086c00000|100%| O|  |TAMS 0x0000000086c00000, 0x0000000086b00000| Untracked 
| 108|0x0000000086c00000, 0x0000000086d00000, 0x0000000086d00000|100%| O|  |TAMS 0x0000000086d00000, 0x0000000086c00000| Untracked 
| 109|0x0000000086d00000, 0x0000000086e00000, 0x0000000086e00000|100%| O|  |TAMS 0x0000000086e00000, 0x0000000086d00000| Untracked 
| 110|0x0000000086e00000, 0x0000000086f00000, 0x0000000086f00000|100%| O|  |TAMS 0x0000000086f00000, 0x0000000086e00000| Untracked 
| 111|0x0000000086f00000, 0x0000000087000000, 0x0000000087000000|100%| O|  |TAMS 0x0000000087000000, 0x0000000086f00000| Untracked 
| 112|0x0000000087000000, 0x0000000087100000, 0x0000000087100000|100%| O|  |TAMS 0x0000000087100000, 0x0000000087000000| Untracked 
| 113|0x0000000087100000, 0x0000000087200000, 0x0000000087200000|100%| O|  |TAMS 0x0000000087200000, 0x0000000087100000| Untracked 
| 114|0x0000000087200000, 0x0000000087300000, 0x0000000087300000|100%| O|  |TAMS 0x0000000087300000, 0x0000000087200000| Untracked 
| 115|0x0000000087300000, 0x0000000087400000, 0x0000000087400000|100%| O|  |TAMS 0x0000000087400000, 0x0000000087300000| Untracked 
| 116|0x0000000087400000, 0x0000000087500000, 0x0000000087500000|100%| O|  |TAMS 0x0000000087500000, 0x0000000087400000| Untracked 
| 117|0x0000000087500000, 0x0000000087600000, 0x0000000087600000|100%| O|  |TAMS 0x0000000087600000, 0x0000000087500000| Untracked 
| 118|0x0000000087600000, 0x0000000087700000, 0x0000000087700000|100%| O|  |TAMS 0x0000000087700000, 0x0000000087600000| Untracked 
| 119|0x0000000087700000, 0x0000000087800000, 0x0000000087800000|100%| O|  |TAMS 0x0000000087800000, 0x0000000087700000| Untracked 
| 120|0x0000000087800000, 0x0000000087900000, 0x0000000087900000|100%| O|  |TAMS 0x0000000087900000, 0x0000000087800000| Untracked 
| 121|0x0000000087900000, 0x0000000087a00000, 0x0000000087a00000|100%| O|  |TAMS 0x0000000087a00000, 0x0000000087900000| Untracked 
| 122|0x0000000087a00000, 0x0000000087b00000, 0x0000000087b00000|100%| O|  |TAMS 0x0000000087b00000, 0x0000000087a00000| Untracked 
| 123|0x0000000087b00000, 0x0000000087c00000, 0x0000000087c00000|100%| O|  |TAMS 0x0000000087c00000, 0x0000000087b00000| Untracked 
| 124|0x0000000087c00000, 0x0000000087d00000, 0x0000000087d00000|100%| O|  |TAMS 0x0000000087d00000, 0x0000000087c00000| Untracked 
| 125|0x0000000087d00000, 0x0000000087e00000, 0x0000000087e00000|100%| O|  |TAMS 0x0000000087e00000, 0x0000000087d00000| Untracked 
| 126|0x0000000087e00000, 0x0000000087f00000, 0x0000000087f00000|100%| O|  |TAMS 0x0000000087f00000, 0x0000000087e00000| Untracked 
| 127|0x0000000087f00000, 0x0000000088000000, 0x0000000088000000|100%| O|  |TAMS 0x0000000088000000, 0x0000000087f00000| Untracked 
| 128|0x0000000088000000, 0x0000000088100000, 0x0000000088100000|100%| O|  |TAMS 0x0000000088100000, 0x0000000088000000| Untracked 
| 129|0x0000000088100000, 0x0000000088200000, 0x0000000088200000|100%| O|  |TAMS 0x0000000088200000, 0x0000000088100000| Untracked 
| 130|0x0000000088200000, 0x0000000088300000, 0x0000000088300000|100%| O|  |TAMS 0x0000000088300000, 0x0000000088200000| Untracked 
| 131|0x0000000088300000, 0x0000000088400000, 0x0000000088400000|100%| O|  |TAMS 0x0000000088400000, 0x0000000088300000| Untracked 
| 132|0x0000000088400000, 0x0000000088500000, 0x0000000088500000|100%| O|  |TAMS 0x0000000088500000, 0x0000000088400000| Untracked 
| 133|0x0000000088500000, 0x0000000088600000, 0x0000000088600000|100%| O|  |TAMS 0x0000000088600000, 0x0000000088500000| Untracked 
| 134|0x0000000088600000, 0x0000000088700000, 0x0000000088700000|100%| O|  |TAMS 0x0000000088700000, 0x0000000088600000| Untracked 
| 135|0x0000000088700000, 0x0000000088800000, 0x0000000088800000|100%| O|  |TAMS 0x0000000088800000, 0x0000000088700000| Untracked 
| 136|0x0000000088800000, 0x0000000088900000, 0x0000000088900000|100%| O|  |TAMS 0x0000000088900000, 0x0000000088800000| Untracked 
| 137|0x0000000088900000, 0x0000000088a00000, 0x0000000088a00000|100%| O|  |TAMS 0x0000000088a00000, 0x0000000088900000| Untracked 
| 138|0x0000000088a00000, 0x0000000088b00000, 0x0000000088b00000|100%| O|  |TAMS 0x0000000088a97600, 0x0000000088a00000| Untracked 
| 139|0x0000000088b00000, 0x0000000088c00000, 0x0000000088c00000|100%| O|  |TAMS 0x0000000088b00000, 0x0000000088b00000| Untracked 
| 140|0x0000000088c00000, 0x0000000088d00000, 0x0000000088d00000|100%| O|  |TAMS 0x0000000088c00000, 0x0000000088c00000| Untracked 
| 141|0x0000000088d00000, 0x0000000088e00000, 0x0000000088e00000|100%| O|  |TAMS 0x0000000088d00000, 0x0000000088d00000| Untracked 
| 142|0x0000000088e00000, 0x0000000088f00000, 0x0000000088f00000|100%| O|  |TAMS 0x0000000088e00000, 0x0000000088e00000| Untracked 
| 143|0x0000000088f00000, 0x0000000089000000, 0x0000000089000000|100%| O|  |TAMS 0x0000000088f00000, 0x0000000088f00000| Untracked 
| 144|0x0000000089000000, 0x0000000089100000, 0x0000000089100000|100%| O|  |TAMS 0x0000000089000000, 0x0000000089000000| Untracked 
| 145|0x0000000089100000, 0x0000000089200000, 0x0000000089200000|100%| O|  |TAMS 0x0000000089100000, 0x0000000089100000| Untracked 
| 146|0x0000000089200000, 0x0000000089300000, 0x0000000089300000|100%| O|  |TAMS 0x0000000089200000, 0x0000000089200000| Untracked 
| 147|0x0000000089300000, 0x0000000089400000, 0x0000000089400000|100%| O|  |TAMS 0x0000000089300000, 0x0000000089300000| Untracked 
| 148|0x0000000089400000, 0x0000000089500000, 0x0000000089500000|100%| O|  |TAMS 0x0000000089400000, 0x0000000089400000| Untracked 
| 149|0x0000000089500000, 0x0000000089600000, 0x0000000089600000|100%| O|  |TAMS 0x0000000089500000, 0x0000000089500000| Untracked 
| 150|0x0000000089600000, 0x0000000089700000, 0x0000000089700000|100%| O|  |TAMS 0x0000000089600000, 0x0000000089600000| Untracked 
| 151|0x0000000089700000, 0x0000000089800000, 0x0000000089800000|100%| O|  |TAMS 0x0000000089700000, 0x0000000089700000| Untracked 
| 152|0x0000000089800000, 0x0000000089900000, 0x0000000089900000|100%| O|  |TAMS 0x0000000089800000, 0x0000000089800000| Untracked 
| 153|0x0000000089900000, 0x0000000089a00000, 0x0000000089a00000|100%| O|  |TAMS 0x0000000089900000, 0x0000000089900000| Untracked 
| 154|0x0000000089a00000, 0x0000000089b00000, 0x0000000089b00000|100%| O|  |TAMS 0x0000000089a00000, 0x0000000089a00000| Untracked 
| 155|0x0000000089b00000, 0x0000000089c00000, 0x0000000089c00000|100%| O|  |TAMS 0x0000000089b00000, 0x0000000089b00000| Untracked 
| 156|0x0000000089c00000, 0x0000000089d00000, 0x0000000089d00000|100%| O|  |TAMS 0x0000000089c00000, 0x0000000089c00000| Untracked 
| 157|0x0000000089d00000, 0x0000000089e00000, 0x0000000089e00000|100%| O|  |TAMS 0x0000000089d00000, 0x0000000089d00000| Untracked 
| 158|0x0000000089e00000, 0x0000000089f00000, 0x0000000089f00000|100%| O|  |TAMS 0x0000000089e00000, 0x0000000089e00000| Untracked 
| 159|0x0000000089f00000, 0x000000008a000000, 0x000000008a000000|100%| O|  |TAMS 0x0000000089f00000, 0x0000000089f00000| Untracked 
| 160|0x000000008a000000, 0x000000008a0da000, 0x000000008a100000| 85%| O|  |TAMS 0x000000008a000000, 0x000000008a000000| Untracked 
| 161|0x000000008a100000, 0x000000008a100000, 0x000000008a200000|  0%| F|  |TAMS 0x000000008a100000, 0x000000008a100000| Untracked 
| 162|0x000000008a200000, 0x000000008a200000, 0x000000008a300000|  0%| F|  |TAMS 0x000000008a200000, 0x000000008a200000| Untracked 
| 163|0x000000008a300000, 0x000000008a300000, 0x000000008a400000|  0%| F|  |TAMS 0x000000008a300000, 0x000000008a300000| Untracked 
| 164|0x000000008a400000, 0x000000008a400000, 0x000000008a500000|  0%| F|  |TAMS 0x000000008a400000, 0x000000008a400000| Untracked 
| 165|0x000000008a500000, 0x000000008a500000, 0x000000008a600000|  0%| F|  |TAMS 0x000000008a500000, 0x000000008a500000| Untracked 
| 166|0x000000008a600000, 0x000000008a600000, 0x000000008a700000|  0%| F|  |TAMS 0x000000008a600000, 0x000000008a600000| Untracked 
| 167|0x000000008a700000, 0x000000008a700000, 0x000000008a800000|  0%| F|  |TAMS 0x000000008a700000, 0x000000008a700000| Untracked 
| 168|0x000000008a800000, 0x000000008a800000, 0x000000008a900000|  0%| F|  |TAMS 0x000000008a800000, 0x000000008a800000| Untracked 
| 169|0x000000008a900000, 0x000000008a900000, 0x000000008aa00000|  0%| F|  |TAMS 0x000000008a900000, 0x000000008a900000| Untracked 
| 170|0x000000008aa00000, 0x000000008aa00000, 0x000000008ab00000|  0%| F|  |TAMS 0x000000008aa00000, 0x000000008aa00000| Untracked 
| 171|0x000000008ab00000, 0x000000008ab00000, 0x000000008ac00000|  0%| F|  |TAMS 0x000000008ab00000, 0x000000008ab00000| Untracked 
| 172|0x000000008ac00000, 0x000000008ac00000, 0x000000008ad00000|  0%| F|  |TAMS 0x000000008ac00000, 0x000000008ac00000| Untracked 
| 173|0x000000008ad00000, 0x000000008ad00000, 0x000000008ae00000|  0%| F|  |TAMS 0x000000008ad00000, 0x000000008ad00000| Untracked 
| 174|0x000000008ae00000, 0x000000008ae00000, 0x000000008af00000|  0%| F|  |TAMS 0x000000008ae00000, 0x000000008ae00000| Untracked 
| 175|0x000000008af00000, 0x000000008af00000, 0x000000008b000000|  0%| F|  |TAMS 0x000000008af00000, 0x000000008af00000| Untracked 
| 176|0x000000008b000000, 0x000000008b000000, 0x000000008b100000|  0%| F|  |TAMS 0x000000008b000000, 0x000000008b000000| Untracked 
| 177|0x000000008b100000, 0x000000008b100000, 0x000000008b200000|  0%| F|  |TAMS 0x000000008b100000, 0x000000008b100000| Untracked 
| 178|0x000000008b200000, 0x000000008b200000, 0x000000008b300000|  0%| F|  |TAMS 0x000000008b200000, 0x000000008b200000| Untracked 
| 179|0x000000008b300000, 0x000000008b300000, 0x000000008b400000|  0%| F|  |TAMS 0x000000008b300000, 0x000000008b300000| Untracked 
| 180|0x000000008b400000, 0x000000008b400000, 0x000000008b500000|  0%| F|  |TAMS 0x000000008b400000, 0x000000008b400000| Untracked 
| 181|0x000000008b500000, 0x000000008b500000, 0x000000008b600000|  0%| F|  |TAMS 0x000000008b500000, 0x000000008b500000| Untracked 
| 182|0x000000008b600000, 0x000000008b600000, 0x000000008b700000|  0%| F|  |TAMS 0x000000008b600000, 0x000000008b600000| Untracked 
| 183|0x000000008b700000, 0x000000008b700000, 0x000000008b800000|  0%| F|  |TAMS 0x000000008b700000, 0x000000008b700000| Untracked 
| 184|0x000000008b800000, 0x000000008b800000, 0x000000008b900000|  0%| F|  |TAMS 0x000000008b800000, 0x000000008b800000| Untracked 
| 185|0x000000008b900000, 0x000000008b900000, 0x000000008ba00000|  0%| F|  |TAMS 0x000000008b900000, 0x000000008b900000| Untracked 
| 186|0x000000008ba00000, 0x000000008ba00000, 0x000000008bb00000|  0%| F|  |TAMS 0x000000008ba00000, 0x000000008ba00000| Untracked 
| 187|0x000000008bb00000, 0x000000008bb00000, 0x000000008bc00000|  0%| F|  |TAMS 0x000000008bb00000, 0x000000008bb00000| Untracked 
| 188|0x000000008bc00000, 0x000000008bc00000, 0x000000008bd00000|  0%| F|  |TAMS 0x000000008bc00000, 0x000000008bc00000| Untracked 
| 189|0x000000008bd00000, 0x000000008bd00000, 0x000000008be00000|  0%| F|  |TAMS 0x000000008bd00000, 0x000000008bd00000| Untracked 
| 190|0x000000008be00000, 0x000000008be00000, 0x000000008bf00000|  0%| F|  |TAMS 0x000000008be00000, 0x000000008be00000| Untracked 
| 191|0x000000008bf00000, 0x000000008c000000, 0x000000008c000000|100%| S|CS|TAMS 0x000000008bf00000, 0x000000008bf00000| Complete 
| 192|0x000000008c000000, 0x000000008c000000, 0x000000008c100000|  0%| F|  |TAMS 0x000000008c000000, 0x000000008c000000| Untracked 
| 193|0x000000008c100000, 0x000000008c100000, 0x000000008c200000|  0%| F|  |TAMS 0x000000008c100000, 0x000000008c100000| Untracked 
| 194|0x000000008c200000, 0x000000008c200000, 0x000000008c300000|  0%| F|  |TAMS 0x000000008c200000, 0x000000008c200000| Untracked 
| 195|0x000000008c300000, 0x000000008c300000, 0x000000008c400000|  0%| F|  |TAMS 0x000000008c300000, 0x000000008c300000| Untracked 
| 196|0x000000008c400000, 0x000000008c500000, 0x000000008c500000|100%| S|CS|TAMS 0x000000008c400000, 0x000000008c400000| Complete 
| 197|0x000000008c500000, 0x000000008c600000, 0x000000008c600000|100%| S|CS|TAMS 0x000000008c500000, 0x000000008c500000| Complete 
| 198|0x000000008c600000, 0x000000008c700000, 0x000000008c700000|100%| S|CS|TAMS 0x000000008c600000, 0x000000008c600000| Complete 
| 199|0x000000008c700000, 0x000000008c800000, 0x000000008c800000|100%| S|CS|TAMS 0x000000008c700000, 0x000000008c700000| Complete 
| 200|0x000000008c800000, 0x000000008c800000, 0x000000008c900000|  0%| F|  |TAMS 0x000000008c800000, 0x000000008c800000| Untracked 
| 201|0x000000008c900000, 0x000000008c900000, 0x000000008ca00000|  0%| F|  |TAMS 0x000000008c900000, 0x000000008c900000| Untracked 
| 202|0x000000008ca00000, 0x000000008ca00000, 0x000000008cb00000|  0%| F|  |TAMS 0x000000008ca00000, 0x000000008ca00000| Untracked 
| 203|0x000000008cb00000, 0x000000008cb00000, 0x000000008cc00000|  0%| F|  |TAMS 0x000000008cb00000, 0x000000008cb00000| Untracked 
| 204|0x000000008cc00000, 0x000000008cc00000, 0x000000008cd00000|  0%| F|  |TAMS 0x000000008cc00000, 0x000000008cc00000| Untracked 
| 205|0x000000008cd00000, 0x000000008cd00000, 0x000000008ce00000|  0%| F|  |TAMS 0x000000008cd00000, 0x000000008cd00000| Untracked 
| 206|0x000000008ce00000, 0x000000008ce00000, 0x000000008cf00000|  0%| F|  |TAMS 0x000000008ce00000, 0x000000008ce00000| Untracked 
| 207|0x000000008cf00000, 0x000000008cf00000, 0x000000008d000000|  0%| F|  |TAMS 0x000000008cf00000, 0x000000008cf00000| Untracked 
| 208|0x000000008d000000, 0x000000008d000000, 0x000000008d100000|  0%| F|  |TAMS 0x000000008d000000, 0x000000008d000000| Untracked 
| 209|0x000000008d100000, 0x000000008d100000, 0x000000008d200000|  0%| F|  |TAMS 0x000000008d100000, 0x000000008d100000| Untracked 
| 210|0x000000008d200000, 0x000000008d200000, 0x000000008d300000|  0%| F|  |TAMS 0x000000008d200000, 0x000000008d200000| Untracked 
| 211|0x000000008d300000, 0x000000008d300000, 0x000000008d400000|  0%| F|  |TAMS 0x000000008d300000, 0x000000008d300000| Untracked 
| 212|0x000000008d400000, 0x000000008d400000, 0x000000008d500000|  0%| F|  |TAMS 0x000000008d400000, 0x000000008d400000| Untracked 
| 213|0x000000008d500000, 0x000000008d500000, 0x000000008d600000|  0%| F|  |TAMS 0x000000008d500000, 0x000000008d500000| Untracked 
| 214|0x000000008d600000, 0x000000008d600000, 0x000000008d700000|  0%| F|  |TAMS 0x000000008d600000, 0x000000008d600000| Untracked 
| 215|0x000000008d700000, 0x000000008d700000, 0x000000008d800000|  0%| F|  |TAMS 0x000000008d700000, 0x000000008d700000| Untracked 
| 216|0x000000008d800000, 0x000000008d800000, 0x000000008d900000|  0%| F|  |TAMS 0x000000008d800000, 0x000000008d800000| Untracked 
| 217|0x000000008d900000, 0x000000008d900000, 0x000000008da00000|  0%| F|  |TAMS 0x000000008d900000, 0x000000008d900000| Untracked 
| 218|0x000000008da00000, 0x000000008da00000, 0x000000008db00000|  0%| F|  |TAMS 0x000000008da00000, 0x000000008da00000| Untracked 
| 219|0x000000008db00000, 0x000000008db00000, 0x000000008dc00000|  0%| F|  |TAMS 0x000000008db00000, 0x000000008db00000| Untracked 
| 220|0x000000008dc00000, 0x000000008dc00000, 0x000000008dd00000|  0%| F|  |TAMS 0x000000008dc00000, 0x000000008dc00000| Untracked 
| 221|0x000000008dd00000, 0x000000008dd00000, 0x000000008de00000|  0%| F|  |TAMS 0x000000008dd00000, 0x000000008dd00000| Untracked 
| 222|0x000000008de00000, 0x000000008de00000, 0x000000008df00000|  0%| F|  |TAMS 0x000000008de00000, 0x000000008de00000| Untracked 
| 223|0x000000008df00000, 0x000000008df00000, 0x000000008e000000|  0%| F|  |TAMS 0x000000008df00000, 0x000000008df00000| Untracked 
| 224|0x000000008e000000, 0x000000008e000000, 0x000000008e100000|  0%| F|  |TAMS 0x000000008e000000, 0x000000008e000000| Untracked 
| 225|0x000000008e100000, 0x000000008e100000, 0x000000008e200000|  0%| F|  |TAMS 0x000000008e100000, 0x000000008e100000| Untracked 
| 226|0x000000008e200000, 0x000000008e200000, 0x000000008e300000|  0%| F|  |TAMS 0x000000008e200000, 0x000000008e200000| Untracked 
| 227|0x000000008e300000, 0x000000008e300000, 0x000000008e400000|  0%| F|  |TAMS 0x000000008e300000, 0x000000008e300000| Untracked 
| 228|0x000000008e400000, 0x000000008e400000, 0x000000008e500000|  0%| F|  |TAMS 0x000000008e400000, 0x000000008e400000| Untracked 
| 229|0x000000008e500000, 0x000000008e500000, 0x000000008e600000|  0%| F|  |TAMS 0x000000008e500000, 0x000000008e500000| Untracked 
| 230|0x000000008e600000, 0x000000008e600000, 0x000000008e700000|  0%| F|  |TAMS 0x000000008e600000, 0x000000008e600000| Untracked 

Card table byte_map: [0x000001ac3adc0000,0x000001ac3b1c0000] _byte_map_base: 0x000001ac3a9c0000

Marking Bits (Prev, Next): (CMBitMap*) 0x000001ac27bd7070, (CMBitMap*) 0x000001ac27bd7038
 Prev Bits: [0x000001ac3d5c0000, 0x000001ac3f5c0000)
 Next Bits: [0x000001ac3b5c0000, 0x000001ac3d5c0000)

Polling page: 0x000001ac27370000

Metaspace:

Usage:
  Non-class:     85.93 MB capacity,    84.54 MB ( 98%) used,     1.11 MB (  1%) free+waste,   283.56 KB ( <1%) overhead. 
      Class:     13.56 MB capacity,    12.67 MB ( 93%) used,   786.08 KB (  6%) free+waste,   129.88 KB ( <1%) overhead. 
       Both:     99.49 MB capacity,    97.21 MB ( 98%) used,     1.88 MB (  2%) free+waste,   413.44 KB ( <1%) overhead. 

Virtual space:
  Non-class space:       88.00 MB reserved,      86.04 MB ( 98%) committed 
      Class space:        1.00 GB reserved,      13.63 MB (  1%) committed 
             Both:        1.09 GB reserved,      99.66 MB (  9%) committed 

Chunk freelists:
   Non-Class:  42.00 KB
       Class:  3.00 KB
        Both:  45.00 KB

MaxMetaspaceSize: 17179869184.00 GB
CompressedClassSpaceSize: 1.00 GB

CodeHeap 'non-profiled nmethods': size=120000Kb used=6913Kb max_used=6913Kb free=113086Kb
 bounds [0x000001ac33160000, 0x000001ac33830000, 0x000001ac3a690000]
CodeHeap 'profiled nmethods': size=120000Kb used=24722Kb max_used=24722Kb free=95277Kb
 bounds [0x000001ac2bc30000, 0x000001ac2d460000, 0x000001ac33160000]
CodeHeap 'non-nmethods': size=5760Kb used=2302Kb max_used=2359Kb free=3457Kb
 bounds [0x000001ac2b690000, 0x000001ac2b900000, 0x000001ac2bc30000]
 total_blobs=12190 nmethods=11280 adapters=821
 compilation: enabled
              stopped_count=0, restarted_count=0
 full_count=0

Compilation events (20 events):
Event: 36.078 Thread 0x000001ac428d1000 11369       2       java.util.HashMap::computeIfAbsent (330 bytes)
Event: 36.081 Thread 0x000001ac428d1000 nmethod 11369 0x000001ac2d442e10 code [0x000001ac2d4430c0, 0x000001ac2d443ba8]
Event: 36.084 Thread 0x000001ac428d1000 11371       2       com.android.tools.r8.internal.mH0::a (1069 bytes)
Event: 36.090 Thread 0x000001ac428d1000 nmethod 11371 0x000001ac2d444210 code [0x000001ac2d4447a0, 0x000001ac2d446d48]
Event: 36.090 Thread 0x000001ac428d1000 11372       1       com.android.tools.r8.graph.H::getType (5 bytes)
Event: 36.090 Thread 0x000001ac428d1000 nmethod 11372 0x000001ac3381f390 code [0x000001ac3381f540, 0x000001ac3381f5f8]
Event: 36.090 Thread 0x000001ac428d1000 11373       2       com.android.tools.r8.internal.la1$$Lambda$1288/0x0000000100c96c40::apply (16 bytes)
Event: 36.091 Thread 0x000001ac428d1000 nmethod 11373 0x000001ac2d448590 code [0x000001ac2d448740, 0x000001ac2d4488c8]
Event: 36.091 Thread 0x000001ac428d1000 11374       2       com.android.tools.r8.internal.la1::a (9 bytes)
Event: 36.091 Thread 0x000001ac428d1000 nmethod 11374 0x000001ac2d448990 code [0x000001ac2d448b40, 0x000001ac2d448c48]
Event: 36.128 Thread 0x000001ac428d1000 11376       2       com.android.tools.r8.ir.conversion.q::a (36 bytes)
Event: 36.128 Thread 0x000001ac428d1000 nmethod 11376 0x000001ac2d448d10 code [0x000001ac2d448ec0, 0x000001ac2d448fe8]
Event: 36.273 Thread 0x000001ac428d1000 11377   !   2       org.gradle.internal.concurrent.ManagedExecutorImpl$1::run (57 bytes)
Event: 36.277 Thread 0x000001ac428d1000 nmethod 11377 0x000001ac2d449110 code [0x000001ac2d449420, 0x000001ac2d449f78]
Event: 36.284 Thread 0x000001ac428d1000 11378       2       org.gradle.internal.serialize.InputStreamBackedDecoder::readString (8 bytes)
Event: 36.285 Thread 0x000001ac428d1000 nmethod 11378 0x000001ac2d44aa10 code [0x000001ac2d44abc0, 0x000001ac2d44ace8]
Event: 36.360 Thread 0x000001ac428d1000 11379       2       java.util.zip.ZipFile$InflaterCleanupAction::run (12 bytes)
Event: 36.360 Thread 0x000001ac428d1000 nmethod 11379 0x000001ac2d44ae10 code [0x000001ac2d44afc0, 0x000001ac2d44b0e8]
Event: 36.360 Thread 0x000001ac428d1000 11380   !   2       java.util.zip.ZipFile$CleanableResource::releaseInflater (53 bytes)
Event: 36.361 Thread 0x000001ac428d1000 nmethod 11380 0x000001ac2d44b190 code [0x000001ac2d44b360, 0x000001ac2d44b6e8]

GC Heap History (20 events):
Event: 31.494 GC heap before
{Heap before GC invocations=15 (full 0):
 garbage-first heap   total 196608K, used 153182K [0x0000000080000000, 0x0000000100000000)
  region size 1024K, 88 young (90112K), 12 survivors (12288K)
 Metaspace       used 90105K, capacity 92220K, committed 92324K, reserved 1130496K
  class space    used 11624K, capacity 12392K, committed 12416K, reserved 1048576K
}
Event: 31.517 GC heap after
{Heap after GC invocations=16 (full 0):
 garbage-first heap   total 196608K, used 81480K [0x0000000080000000, 0x0000000100000000)
  region size 1024K, 5 young (5120K), 5 survivors (5120K)
 Metaspace       used 90105K, capacity 92220K, committed 92324K, reserved 1130496K
  class space    used 11624K, capacity 12392K, committed 12416K, reserved 1048576K
}
Event: 32.572 GC heap before
{Heap before GC invocations=16 (full 0):
 garbage-first heap   total 196608K, used 157256K [0x0000000080000000, 0x0000000100000000)
  region size 1024K, 80 young (81920K), 5 survivors (5120K)
 Metaspace       used 92131K, capacity 94280K, committed 94372K, reserved 1130496K
  class space    used 11862K, capacity 12636K, committed 12672K, reserved 1048576K
}
Event: 32.588 GC heap after
{Heap after GC invocations=17 (full 0):
 garbage-first heap   total 196608K, used 94986K [0x0000000080000000, 0x0000000100000000)
  region size 1024K, 10 young (10240K), 10 survivors (10240K)
 Metaspace       used 92131K, capacity 94280K, committed 94372K, reserved 1130496K
  class space    used 11862K, capacity 12636K, committed 12672K, reserved 1048576K
}
Event: 33.144 GC heap before
{Heap before GC invocations=17 (full 0):
 garbage-first heap   total 196608K, used 157450K [0x0000000080000000, 0x0000000100000000)
  region size 1024K, 70 young (71680K), 10 survivors (10240K)
 Metaspace       used 94484K, capacity 96672K, committed 96804K, reserved 1132544K
  class space    used 12210K, capacity 13020K, committed 13056K, reserved 1048576K
}
Event: 33.161 GC heap after
{Heap after GC invocations=18 (full 0):
 garbage-first heap   total 196608K, used 106037K [0x0000000080000000, 0x0000000100000000)
  region size 1024K, 9 young (9216K), 9 survivors (9216K)
 Metaspace       used 94484K, capacity 96672K, committed 96804K, reserved 1132544K
  class space    used 12210K, capacity 13020K, committed 13056K, reserved 1048576K
}
Event: 33.886 GC heap before
{Heap before GC invocations=18 (full 0):
 garbage-first heap   total 196608K, used 155189K [0x0000000080000000, 0x0000000100000000)
  region size 1024K, 57 young (58368K), 9 survivors (9216K)
 Metaspace       used 96072K, capacity 98334K, committed 98596K, reserved 1134592K
  class space    used 12414K, capacity 13249K, committed 13312K, reserved 1048576K
}
Event: 33.928 GC heap after
{Heap after GC invocations=19 (full 0):
 garbage-first heap   total 196608K, used 113528K [0x0000000080000000, 0x0000000100000000)
  region size 1024K, 8 young (8192K), 8 survivors (8192K)
 Metaspace       used 96072K, capacity 98334K, committed 98596K, reserved 1134592K
  class space    used 12414K, capacity 13249K, committed 13312K, reserved 1048576K
}
Event: 34.450 GC heap before
{Heap before GC invocations=20 (full 0):
 garbage-first heap   total 196608K, used 155512K [0x0000000080000000, 0x0000000100000000)
  region size 1024K, 49 young (50176K), 8 survivors (8192K)
 Metaspace       used 96286K, capacity 98438K, committed 98596K, reserved 1134592K
  class space    used 12430K, capacity 13237K, committed 13312K, reserved 1048576K
}
Event: 34.488 GC heap after
{Heap after GC invocations=21 (full 0):
 garbage-first heap   total 196608K, used 123069K [0x0000000080000000, 0x0000000100000000)
  region size 1024K, 7 young (7168K), 7 survivors (7168K)
 Metaspace       used 96286K, capacity 98438K, committed 98596K, reserved 1134592K
  class space    used 12430K, capacity 13237K, committed 13312K, reserved 1048576K
}
Event: 34.779 GC heap before
{Heap before GC invocations=21 (full 0):
 garbage-first heap   total 196608K, used 156861K [0x0000000080000000, 0x0000000100000000)
  region size 1024K, 41 young (41984K), 7 survivors (7168K)
 Metaspace       used 96964K, capacity 99142K, committed 99492K, reserved 1136640K
  class space    used 12519K, capacity 13342K, committed 13440K, reserved 1048576K
}
Event: 34.803 GC heap after
{Heap after GC invocations=22 (full 0):
 garbage-first heap   total 236544K, used 130280K [0x0000000080000000, 0x0000000100000000)
  region size 1024K, 6 young (6144K), 6 survivors (6144K)
 Metaspace       used 96964K, capacity 99142K, committed 99492K, reserved 1136640K
  class space    used 12519K, capacity 13342K, committed 13440K, reserved 1048576K
}
Event: 35.410 GC heap before
{Heap before GC invocations=23 (full 0):
 garbage-first heap   total 236544K, used 175336K [0x0000000080000000, 0x0000000100000000)
  region size 1024K, 51 young (52224K), 6 survivors (6144K)
 Metaspace       used 97767K, capacity 100090K, committed 100516K, reserved 1136640K
  class space    used 12643K, capacity 13522K, committed 13696K, reserved 1048576K
}
Event: 35.442 GC heap after
{Heap after GC invocations=24 (full 0):
 garbage-first heap   total 236544K, used 140259K [0x0000000080000000, 0x0000000100000000)
  region size 1024K, 7 young (7168K), 7 survivors (7168K)
 Metaspace       used 97767K, capacity 100090K, committed 100516K, reserved 1136640K
  class space    used 12643K, capacity 13522K, committed 13696K, reserved 1048576K
}
Event: 35.604 GC heap before
{Heap before GC invocations=24 (full 0):
 garbage-first heap   total 236544K, used 183267K [0x0000000080000000, 0x0000000100000000)
  region size 1024K, 49 young (50176K), 7 survivors (7168K)
 Metaspace       used 98151K, capacity 100450K, committed 100772K, reserved 1136640K
  class space    used 12718K, capacity 13598K, committed 13696K, reserved 1048576K
}
Event: 35.629 GC heap after
{Heap after GC invocations=25 (full 0):
 garbage-first heap   total 236544K, used 149085K [0x0000000080000000, 0x0000000100000000)
  region size 1024K, 7 young (7168K), 7 survivors (7168K)
 Metaspace       used 98151K, capacity 100450K, committed 100772K, reserved 1136640K
  class space    used 12718K, capacity 13598K, committed 13696K, reserved 1048576K
}
Event: 35.937 GC heap before
{Heap before GC invocations=25 (full 0):
 garbage-first heap   total 236544K, used 189021K [0x0000000080000000, 0x0000000100000000)
  region size 1024K, 46 young (47104K), 7 survivors (7168K)
 Metaspace       used 98315K, capacity 100610K, committed 100772K, reserved 1136640K
  class space    used 12739K, capacity 13630K, committed 13696K, reserved 1048576K
}
Event: 35.963 GC heap after
{Heap after GC invocations=26 (full 0):
 garbage-first heap   total 236544K, used 156871K [0x0000000080000000, 0x0000000100000000)
  region size 1024K, 6 young (6144K), 6 survivors (6144K)
 Metaspace       used 98315K, capacity 100610K, committed 100772K, reserved 1136640K
  class space    used 12739K, capacity 13630K, committed 13696K, reserved 1048576K
}
Event: 36.169 GC heap before
{Heap before GC invocations=26 (full 0):
 garbage-first heap   total 236544K, used 192711K [0x0000000080000000, 0x0000000100000000)
  region size 1024K, 41 young (41984K), 6 survivors (6144K)
 Metaspace       used 98401K, capacity 100688K, committed 101028K, reserved 1136640K
  class space    used 12754K, capacity 13636K, committed 13696K, reserved 1048576K
}
Event: 36.196 GC heap after
{Heap after GC invocations=27 (full 0):
 garbage-first heap   total 236544K, used 164040K [0x0000000080000000, 0x0000000100000000)
  region size 1024K, 6 young (6144K), 6 survivors (6144K)
 Metaspace       used 98401K, capacity 100688K, committed 101028K, reserved 1136640K
  class space    used 12754K, capacity 13636K, committed 13696K, reserved 1048576K
}

Deoptimization events (20 events):
Event: 36.082 Thread 0x000001ac462d7800 DEOPT PACKING pc=0x000001ac33808ecc sp=0x00000097b0bf9660
Event: 36.082 Thread 0x000001ac462d7800 DEOPT UNPACKING pc=0x000001ac2b6b662f sp=0x00000097b0bf9638 mode 2
Event: 36.091 Thread 0x000001ac44bcb800 DEOPT PACKING pc=0x000001ac2d3c7f29 sp=0x00000097afef8c60
Event: 36.091 Thread 0x000001ac44bcb800 DEOPT UNPACKING pc=0x000001ac2b6b6dde sp=0x00000097afef83f0 mode 0
Event: 36.100 Thread 0x000001ac44bcd000 DEOPT PACKING pc=0x000001ac2d3c7ee7 sp=0x00000097b01f89f0
Event: 36.100 Thread 0x000001ac44bcd000 DEOPT UNPACKING pc=0x000001ac2b6b6dde sp=0x00000097b01f8180 mode 0
Event: 36.162 Thread 0x000001ac45057800 Uncommon trap: trap_request=0xffffff4d fr.pc=0x000001ac33774a74 relative=0x00000000000002f4
Event: 36.162 Thread 0x000001ac45057800 Uncommon trap: reason=unstable_if action=reinterpret pc=0x000001ac33774a74 method=com.google.common.collect.MapMakerInternalMap$Segment.getEntry(Ljava/lang/Object;I)Lcom/google/common/collect/MapMakerInternalMap$InternalEntry; @ 63 c2
Event: 36.162 Thread 0x000001ac45057800 DEOPT PACKING pc=0x000001ac33774a74 sp=0x00000097b1ef8ea0
Event: 36.162 Thread 0x000001ac45057800 DEOPT UNPACKING pc=0x000001ac2b6b662f sp=0x00000097b1ef8d68 mode 2
Event: 36.168 Thread 0x000001ac46110000 Uncommon trap: trap_request=0xffffff4d fr.pc=0x000001ac3367b18c relative=0x000000000000022c
Event: 36.168 Thread 0x000001ac46110000 Uncommon trap: reason=unstable_if action=reinterpret pc=0x000001ac3367b18c method=com.google.common.collect.MapMakerInternalMap$Segment.getEntry(Ljava/lang/Object;I)Lcom/google/common/collect/MapMakerInternalMap$InternalEntry; @ 63 c2
Event: 36.168 Thread 0x000001ac46110000 DEOPT PACKING pc=0x000001ac3367b18c sp=0x00000097b30f7640
Event: 36.168 Thread 0x000001ac46110000 DEOPT UNPACKING pc=0x000001ac2b6b662f sp=0x00000097b30f75f8 mode 2
Event: 36.238 Thread 0x000001ac44bcb800 DEOPT PACKING pc=0x000001ac2d3c7f29 sp=0x00000097afef8c80
Event: 36.238 Thread 0x000001ac44bcb800 DEOPT UNPACKING pc=0x000001ac2b6b6dde sp=0x00000097afef8410 mode 0
Event: 36.262 Thread 0x000001ac44bcb800 DEOPT PACKING pc=0x000001ac2d3c7ee7 sp=0x00000097afef8c80
Event: 36.262 Thread 0x000001ac44bcb800 DEOPT UNPACKING pc=0x000001ac2b6b6dde sp=0x00000097afef8410 mode 0
Event: 36.364 Thread 0x000001ac462d7800 DEOPT PACKING pc=0x000001ac2d3c7f29 sp=0x00000097b0bf9390
Event: 36.364 Thread 0x000001ac462d7800 DEOPT UNPACKING pc=0x000001ac2b6b6dde sp=0x00000097b0bf8b20 mode 0

Classes redefined (0 events):
No events

Internal exceptions (20 events):
Event: 32.562 Thread 0x000001ac46110000 Exception <a 'sun/nio/fs/WindowsException'{0x0000000087ad30d0}> (0x0000000087ad30d0) thrown at [./src/hotspot/share/prims/jni.cpp, line 615]
Event: 32.617 Thread 0x000001ac44bcb800 Exception <a 'sun/nio/fs/WindowsException'{0x000000008b6b7a78}> (0x000000008b6b7a78) thrown at [./src/hotspot/share/prims/jni.cpp, line 615]
Event: 32.746 Thread 0x000001ac44bcd000 Exception <a 'sun/nio/fs/WindowsException'{0x0000000089ce4b70}> (0x0000000089ce4b70) thrown at [./src/hotspot/share/prims/jni.cpp, line 615]
Event: 32.838 Thread 0x000001ac462d9000 Exception <a 'sun/nio/fs/WindowsException'{0x00000000892b2788}> (0x00000000892b2788) thrown at [./src/hotspot/share/prims/jni.cpp, line 615]
Event: 32.923 Thread 0x000001ac45057800 Exception <a 'java/lang/NoSuchMethodError'{0x0000000088b7fb08}: 'java.lang.Object java.lang.invoke.DirectMethodHandle$Holder.invokeStaticInit(java.lang.Object, java.lang.Object, java.lang.Object, java.lang.Object, java.lang.Object, java.lang.Object, java.lang.Object, java.lang.Object, java.lang.Object, java.lang.Object, java.lang.Object, java.lang.Object, java.lang.Object, java.lang.Object, java.lang.Object, java.lang.Object, java.lang.Object, java.lang.Object, int, java.lang.Object, java.lang.Object)'> (0
Event: 32.961 Thread 0x000001ac462d7800 Exception <a 'sun/nio/fs/WindowsException'{0x000000008887f268}> (0x000000008887f268) thrown at [./src/hotspot/share/prims/jni.cpp, line 615]
Event: 33.015 Thread 0x000001ac45057800 Exception <a 'java/lang/IncompatibleClassChangeError'{0x000000008872ad30}: Found class java.lang.Object, but interface was expected> (0x000000008872ad30) thrown at [./src/hotspot/share/interpreter/linkResolver.cpp, line 839]
Event: 33.015 Thread 0x000001ac462d7800 Exception <a 'java/lang/IncompatibleClassChangeError'{0x000000008872eb50}: Found class java.lang.Object, but interface was expected> (0x000000008872eb50) thrown at [./src/hotspot/share/interpreter/linkResolver.cpp, line 839]
Event: 33.015 Thread 0x000001ac44bcb800 Exception <a 'java/lang/IncompatibleClassChangeError'{0x0000000088cbe160}: Found class java.lang.Object, but interface was expected> (0x0000000088cbe160) thrown at [./src/hotspot/share/interpreter/linkResolver.cpp, line 839]
Event: 33.103 Thread 0x000001ac462d7800 Exception <a 'java/lang/NoSuchMethodError'{0x00000000885d9648}: 'java.lang.Object java.lang.invoke.DirectMethodHandle$Holder.invokeStatic(java.lang.Object, long)'> (0x00000000885d9648) thrown at [./src/hotspot/share/interpreter/linkResolver.cpp, line 773]
Event: 33.350 Thread 0x000001ac45058800 Exception <a 'java/lang/NoSuchMethodError'{0x000000008bac88f8}: 'int java.lang.invoke.DirectMethodHandle$Holder.invokeVirtual(java.lang.Object, java.lang.Object, java.lang.Object, java.lang.Object)'> (0x000000008bac88f8) thrown at [./src/hotspot/share/interpreter/linkResolver.cpp, line 773]
Event: 33.555 Thread 0x000001ac45058800 Exception <a 'java/lang/IncompatibleClassChangeError'{0x000000008ae1b028}: Found class java.lang.Object, but interface was expected> (0x000000008ae1b028) thrown at [./src/hotspot/share/interpreter/linkResolver.cpp, line 839]
Event: 33.639 Thread 0x000001ac45057800 Exception <a 'java/lang/NoSuchMethodError'{0x000000008a8594f8}: 'int java.lang.invoke.DirectMethodHandle$Holder.invokeVirtual(java.lang.Object, java.lang.Object, java.lang.Object)'> (0x000000008a8594f8) thrown at [./src/hotspot/share/interpreter/linkResolver.cpp, line 773]
Event: 35.032 Thread 0x000001ac45057800 Exception <a 'java/lang/NoSuchMethodError'{0x000000008cc31128}: 'java.lang.Object java.lang.invoke.DirectMethodHandle$Holder.invokeStatic(java.lang.Object, int, java.lang.Object, java.lang.Object)'> (0x000000008cc31128) thrown at [./src/hotspot/share/interpreter/linkResolver.cpp, line 773]
Event: 35.500 Thread 0x000001ac45058800 Exception <a 'java/lang/NoSuchMethodError'{0x000000008d400920}: 'int java.lang.invoke.DirectMethodHandle$Holder.invokeSpecial(java.lang.Object, java.lang.Object, java.lang.Object, java.lang.Object, java.lang.Object)'> (0x000000008d400920) thrown at [./src/hotspot/share/interpreter/linkResolver.cpp, line 773]
Event: 36.016 Thread 0x000001ac45058800 Exception <a 'java/lang/NoSuchMethodError'{0x000000008d7420d0}: 'java.lang.Object java.lang.invoke.DirectMethodHandle$Holder.invokeVirtual(java.lang.Object, java.lang.Object, int, java.lang.Object)'> (0x000000008d7420d0) thrown at [./src/hotspot/share/interpreter/linkResolver.cpp, line 773]
Event: 36.038 Thread 0x000001ac45057800 Exception <a 'java/lang/NoSuchMethodError'{0x000000008d6566a8}: 'java.lang.Object java.lang.invoke.DirectMethodHandle$Holder.invokeVirtual(java.lang.Object, java.lang.Object, int, java.lang.Object)'> (0x000000008d6566a8) thrown at [./src/hotspot/share/interpreter/linkResolver.cpp, line 773]
Event: 36.168 Thread 0x000001ac45058800 Exception <a 'java/lang/IncompatibleClassChangeError'{0x000000008c4cb358}: Found class java.lang.Object, but interface was expected> (0x000000008c4cb358) thrown at [./src/hotspot/share/interpreter/linkResolver.cpp, line 839]
Event: 36.232 Thread 0x000001ac45058800 Exception <a 'java/lang/IncompatibleClassChangeError'{0x000000008e608940}: Found class java.lang.Object, but interface was expected> (0x000000008e608940) thrown at [./src/hotspot/share/interpreter/linkResolver.cpp, line 839]
Event: 36.366 Thread 0x000001ac46110000 Exception <a 'java/lang/NoSuchMethodError'{0x000000008dcc4850}: 'void java.lang.invoke.DirectMethodHandle$Holder.invokeVirtual(java.lang.Object, java.lang.Object, int, java.lang.Object)'> (0x000000008dcc4850) thrown at [./src/hotspot/share/interpreter/linkResolver.cpp, line 773]

Events (20 events):
Event: 36.355 loading class com/android/tools/r8/code/o2 done
Event: 36.358 loading class com/android/tools/r8/code/H
Event: 36.358 loading class com/android/tools/r8/code/H done
Event: 36.358 loading class com/android/tools/r8/code/H1
Event: 36.358 loading class com/android/tools/r8/code/H1 done
Event: 36.359 loading class com/android/tools/r8/code/L1
Event: 36.359 loading class com/android/tools/r8/code/L1 done
Event: 36.360 loading class com/android/tools/r8/code/W0
Event: 36.360 loading class com/android/tools/r8/code/W0 done
Event: 36.360 loading class com/android/tools/r8/code/Y
Event: 36.360 loading class com/android/tools/r8/code/Y done
Event: 36.362 loading class com/android/tools/r8/code/G1
Event: 36.362 loading class com/android/tools/r8/code/G1 done
Event: 36.363 loading class com/android/tools/r8/code/K1
Event: 36.363 loading class com/android/tools/r8/code/K1 done
Event: 36.363 loading class com/android/tools/r8/code/V0
Event: 36.363 loading class com/android/tools/r8/code/V0 done
Event: 36.365 loading class com/android/tools/r8/internal/gK0
Event: 36.365 loading class com/android/tools/r8/internal/gK0 done
Event: 36.366 Executing VM operation: BulkRevokeBias


Dynamic libraries:
0x00007ff63bc30000 - 0x00007ff63bc3a000 	C:\Program Files\Android\Android Studio\jre\bin\java.exe
0x00007ffe073c0000 - 0x00007ffe075c9000 	C:\WINDOWS\SYSTEM32\ntdll.dll
0x00007ffe069e0000 - 0x00007ffe06a9d000 	C:\WINDOWS\System32\KERNEL32.DLL
0x00007ffe04ac0000 - 0x00007ffe04e34000 	C:\WINDOWS\System32\KERNELBASE.dll
0x00007ffe04970000 - 0x00007ffe04a81000 	C:\WINDOWS\System32\ucrtbase.dll
0x00007ffe01780000 - 0x00007ffe01797000 	C:\Program Files\Android\Android Studio\jre\bin\VCRUNTIME140.dll
0x00007ffe015f0000 - 0x00007ffe01609000 	C:\Program Files\Android\Android Studio\jre\bin\jli.dll
0x00007ffe06830000 - 0x00007ffe069dc000 	C:\WINDOWS\System32\USER32.dll
0x00007ffe04a90000 - 0x00007ffe04ab6000 	C:\WINDOWS\System32\win32u.dll
0x00007ffde03d0000 - 0x00007ffde0675000 	C:\WINDOWS\WinSxS\amd64_microsoft.windows.common-controls_6595b64144ccf1df_6.0.22000.120_none_9d947278b86cc467\COMCTL32.dll
0x00007ffe06800000 - 0x00007ffe06829000 	C:\WINDOWS\System32\GDI32.dll
0x00007ffe06750000 - 0x00007ffe067f3000 	C:\WINDOWS\System32\msvcrt.dll
0x00007ffe050a0000 - 0x00007ffe051b2000 	C:\WINDOWS\System32\gdi32full.dll
0x00007ffe051c0000 - 0x00007ffe0525d000 	C:\WINDOWS\System32\msvcp_win.dll
0x00007ffe06610000 - 0x00007ffe06641000 	C:\WINDOWS\System32\IMM32.DLL
0x00007ffdf7a90000 - 0x00007ffdf7b2d000 	C:\Program Files\Android\Android Studio\jre\bin\msvcp140.dll
0x00007ffdaf6f0000 - 0x00007ffdb01c5000 	C:\Program Files\Android\Android Studio\jre\bin\server\jvm.dll
0x00007ffe07240000 - 0x00007ffe072ee000 	C:\WINDOWS\System32\ADVAPI32.dll
0x00007ffe06f80000 - 0x00007ffe0701e000 	C:\WINDOWS\System32\sechost.dll
0x00007ffe05390000 - 0x00007ffe054b0000 	C:\WINDOWS\System32\RPCRT4.dll
0x00007ffe06ce0000 - 0x00007ffe06ce8000 	C:\WINDOWS\System32\PSAPI.DLL
0x00007ffdfd6d0000 - 0x00007ffdfd703000 	C:\WINDOWS\SYSTEM32\WINMM.dll
0x00007ffde34c0000 - 0x00007ffde34c9000 	C:\WINDOWS\SYSTEM32\WSOCK32.dll
0x00007ffdff830000 - 0x00007ffdff83a000 	C:\WINDOWS\SYSTEM32\VERSION.dll
0x00007ffe06cf0000 - 0x00007ffe06d5f000 	C:\WINDOWS\System32\ws2_32.DLL
0x00007ffe039b0000 - 0x00007ffe039c8000 	C:\WINDOWS\SYSTEM32\kernel.appcore.dll
0x00007ffdfeb80000 - 0x00007ffdfeb91000 	C:\Program Files\Android\Android Studio\jre\bin\verify.dll
0x00007ffe02560000 - 0x00007ffe02781000 	C:\WINDOWS\SYSTEM32\DBGHELP.DLL
0x00007ffdf08e0000 - 0x00007ffdf0911000 	C:\WINDOWS\SYSTEM32\dbgcore.DLL
0x00007ffe05020000 - 0x00007ffe0509f000 	C:\WINDOWS\System32\bcryptPrimitives.dll
0x00007ffdd7ca0000 - 0x00007ffdd7cc9000 	C:\Program Files\Android\Android Studio\jre\bin\java.dll
0x00007ffe013f0000 - 0x00007ffe013fb000 	C:\Program Files\Android\Android Studio\jre\bin\jimage.dll
0x00007ffdf22e0000 - 0x00007ffdf22f8000 	C:\Program Files\Android\Android Studio\jre\bin\zip.dll
0x00007ffe05e00000 - 0x00007ffe065af000 	C:\WINDOWS\System32\SHELL32.dll
0x00007ffe029f0000 - 0x00007ffe03258000 	C:\WINDOWS\SYSTEM32\windows.storage.dll
0x00007ffe054b0000 - 0x00007ffe05828000 	C:\WINDOWS\System32\combase.dll
0x00007ffe02790000 - 0x00007ffe028f6000 	C:\WINDOWS\SYSTEM32\wintypes.dll
0x00007ffe058a0000 - 0x00007ffe0598a000 	C:\WINDOWS\System32\SHCORE.dll
0x00007ffe065b0000 - 0x00007ffe0660d000 	C:\WINDOWS\System32\shlwapi.dll
0x00007ffe047e0000 - 0x00007ffe04801000 	C:\WINDOWS\SYSTEM32\profapi.dll
0x00007ffdd90b0000 - 0x00007ffdd90ca000 	C:\Program Files\Android\Android Studio\jre\bin\net.dll
0x00007ffdfcd00000 - 0x00007ffdfce0c000 	C:\WINDOWS\SYSTEM32\WINHTTP.dll
0x00007ffe03de0000 - 0x00007ffe03e47000 	C:\WINDOWS\system32\mswsock.dll
0x00007ffdd8df0000 - 0x00007ffdd8e04000 	C:\Program Files\Android\Android Studio\jre\bin\nio.dll
0x00007ffe017b0000 - 0x00007ffe017d7000 	C:\Users\Fernando Alcal儆.gradle\native\e1d6ef7f7dcc3fd88c89a11ec53ec762bb8ba0a96d01ffa2cd45eb1d1d8dd5c5\windows-amd64\native-platform.dll
0x00007ffdd8320000 - 0x00007ffdd8464000 	C:\Users\Fernando Alcal儆.gradle\native\5664cfc778a61ccfe75a443a1ab52a65af34e5dc3c78e0209fed803814484fcb\windows-amd64\native-platform-file-events.dll
0x00007ffe00a50000 - 0x00007ffe00a5a000 	C:\Program Files\Android\Android Studio\jre\bin\management.dll
0x00007ffdfeb70000 - 0x00007ffdfeb7d000 	C:\Program Files\Android\Android Studio\jre\bin\management_ext.dll
0x00007ffe04020000 - 0x00007ffe04038000 	C:\WINDOWS\SYSTEM32\CRYPTSP.dll
0x00007ffe03910000 - 0x00007ffe03945000 	C:\WINDOWS\system32\rsaenh.dll
0x00007ffe03ed0000 - 0x00007ffe03ef9000 	C:\WINDOWS\SYSTEM32\USERENV.dll
0x00007ffe041a0000 - 0x00007ffe041c7000 	C:\WINDOWS\SYSTEM32\bcrypt.dll
0x00007ffe04040000 - 0x00007ffe0404c000 	C:\WINDOWS\SYSTEM32\CRYPTBASE.dll
0x00007ffe034b0000 - 0x00007ffe034dd000 	C:\WINDOWS\SYSTEM32\IPHLPAPI.DLL
0x00007ffe071c0000 - 0x00007ffe071c9000 	C:\WINDOWS\System32\NSI.dll
0x00007ffdfc8f0000 - 0x00007ffdfc909000 	C:\WINDOWS\SYSTEM32\dhcpcsvc6.DLL
0x00007ffdfe410000 - 0x00007ffdfe42e000 	C:\WINDOWS\SYSTEM32\dhcpcsvc.DLL
0x00007ffe034e0000 - 0x00007ffe035c8000 	C:\WINDOWS\SYSTEM32\DNSAPI.dll

dbghelp: loaded successfully - version: 4.0.5 - missing functions: none
symbol engine: initialized successfully - sym options: 0x614 - pdb path: .;C:\Program Files\Android\Android Studio\jre\bin;C:\WINDOWS\SYSTEM32;C:\WINDOWS\WinSxS\amd64_microsoft.windows.common-controls_6595b64144ccf1df_6.0.22000.120_none_9d947278b86cc467;C:\Program Files\Android\Android Studio\jre\bin\server;C:\Users\Fernando Alcal儆.gradle\native\e1d6ef7f7dcc3fd88c89a11ec53ec762bb8ba0a96d01ffa2cd45eb1d1d8dd5c5\windows-amd64;C:\Users\Fernando Alcal儆.gradle\native\5664cfc778a61ccfe75a443a1ab52a65af34e5dc3c78e0209fed803814484fcb\windows-amd64

VM Arguments:
jvm_args: --add-opens=java.base/java.util=ALL-UNNAMED --add-opens=java.base/java.lang=ALL-UNNAMED --add-opens=java.base/java.lang.invoke=ALL-UNNAMED --add-opens=java.base/java.util=ALL-UNNAMED --add-opens=java.prefs/java.util.prefs=ALL-UNNAMED --add-opens=java.prefs/java.util.prefs=ALL-UNNAMED --add-opens=java.base/java.nio.charset=ALL-UNNAMED --add-opens=java.base/java.net=ALL-UNNAMED --add-opens=java.base/java.util.concurrent.atomic=ALL-UNNAMED -Xmx2048m -Dfile.encoding=UTF-8 -Duser.country=MX -Duser.language=es -Duser.variant 
java_command: org.gradle.launcher.daemon.bootstrap.GradleDaemon 7.2
java_class_path (initial): C:\Users\Fernando Alcal儆.gradle\wrapper\dists\gradle-7.2-bin\2dnblmf4td7x66yl1d74lt32g\gradle-7.2\lib\gradle-launcher-7.2.jar
Launcher Type: SUN_STANDARD

[Global flags]
     intx CICompilerCount                          = 4                                         {product} {ergonomic}
     uint ConcGCThreads                            = 2                                         {product} {ergonomic}
     uint G1ConcRefinementThreads                  = 8                                         {product} {ergonomic}
   size_t G1HeapRegionSize                         = 1048576                                   {product} {ergonomic}
    uintx GCDrainStackTargetSize                   = 64                                        {product} {ergonomic}
   size_t InitialHeapSize                          = 201326592                                 {product} {ergonomic}
   size_t MarkStackSize                            = 4194304                                   {product} {ergonomic}
   size_t MaxHeapSize                              = 2147483648                                {product} {command line}
   size_t MaxNewSize                               = 1287651328                                {product} {ergonomic}
   size_t MinHeapDeltaBytes                        = 1048576                                   {product} {ergonomic}
    uintx NonNMethodCodeHeapSize                   = 5836300                                {pd product} {ergonomic}
    uintx NonProfiledCodeHeapSize                  = 122910970                              {pd product} {ergonomic}
    uintx ProfiledCodeHeapSize                     = 122910970                              {pd product} {ergonomic}
    uintx ReservedCodeCacheSize                    = 251658240                              {pd product} {ergonomic}
     bool SegmentedCodeCache                       = true                                      {product} {ergonomic}
     bool UseCompressedClassPointers               = true                                 {lp64_product} {ergonomic}
     bool UseCompressedOops                        = true                                 {lp64_product} {ergonomic}
     bool UseG1GC                                  = true                                      {product} {ergonomic}
     bool UseLargePagesIndividualAllocation        = false                                  {pd product} {ergonomic}

Logging:
Log output configuration:
 #0: stdout all=warning uptime,level,tags
 #1: stderr all=off uptime,level,tags

Environment Variables:
JAVA_HOME=C:\Program Files\Java\jre1.8.0_191\bin
PATH=C:\Program Files\Common Files\Oracle\Java\javapath;C:\Program Files (x86)\NVIDIA Corporation\PhysX\Common;C:\Program Files (x86)\Common Files\Oracle\Java\javapath;C:\Program Files\Microsoft MPI\Bin\;C:\Program Files (x86)\Intel\Intel(R) Management Engine Components\iCLS\;C:\Program Files\Intel\Intel(R) Management Engine Components\iCLS\;C:\WINDOWS\system32;C:\WINDOWS;C:\WINDOWS\System32\Wbem;C:\WINDOWS\System32\WindowsPowerShell\v1.0\;C:\Program Files (x86)\Intel\Intel(R) Management Engine Components\DAL;C:\Program Files\Intel\Intel(R) Management Engine Components\DAL;C:\Program Files (x86)\Intel\Intel(R) Management Engine Components\IPT;C:\Program Files\Intel\Intel(R) Management Engine Components\IPT;C:\Program Files\dotnet\;C:\Program Files\Microsoft SQL Server\130\Tools\Binn\;C:\Program Files\Git\cmd;C:\WINDOWS\System32\OpenSSH\;C:\PROGRA~1\CONDUS~1\DISKEE~1\;C:\Ruby26-x64\bin;C:\Program Files\Java\jdk1.8.0_181\bin;C:\JuliaPro-1.5.2-1\Julia-1.5.2\bin;C:\Users\Fernando Alcal儆AppData\Roaming\nvm;C:\Program Files\nodejs;C:\Program Files (x86)\GtkSharp\2.12\bin;C:\Program Files (x86)\Dev-Cpp\MinGW64\bin;C:\kotlinc\bin;C:\Users\Fernando Alcal儆.cargo\bin;C:\Users\Fernando Alcal儆scoop\shims;C:\Ruby26-x64\bin;C:\Users\Fernando Alcal儆AppData\Local\Microsoft\WindowsApps;C:\Users\Fernando Alcal儆AppData\Local\atom\bin;C:\Users\Fernando Alcal儆AppData\Local\GitHubDesktop\bin;C:\Users\Fernando Alcal儆AppData\Local\Programs\Microsoft VS Code\bin;C:\Users\Fernando Alcal儆AppData\Roaming\npm;C:\Users\Fernando Alcal儆AppData\Roaming\nvm;C:\Program Files\nodejs;C:\Users\Fernando Alcal儆.dotnet\tools;C:\Users\Fernando Alcal儆miniconda3;;C:\Users\Fernando Alcal儆AppData\Local\Microsoft\WindowsApps
USERNAME=Fernando Alcal
OS=Windows_NT
PROCESSOR_IDENTIFIER=Intel64 Family 6 Model 142 Stepping 10, GenuineIntel



---------------  S Y S T E M  ---------------

OS: Windows 10 , 64 bit Build 22000 (10.0.22000.613)
OS uptime: 7 days 7:41 hours

CPU:total 8 (initial active 8) (4 cores per cpu, 2 threads per core) family 6 model 142 stepping 10 microcode 0xe0, cmov, cx8, fxsr, mmx, sse, sse2, sse3, ssse3, sse4.1, sse4.2, popcnt, avx, avx2, aes, clmul, erms, 3dnowpref, lzcnt, ht, tsc, tscinvbit, bmi1, bmi2, adx, fma

Memory: 4k page, system-wide physical 12203M (1203M free)
TotalPageFile size 20395M (AvailPageFile size 56M)
current process WorkingSet (physical memory assigned to process): 599M, peak: 603M
current process commit charge ("private bytes"): 670M, peak: 717M

vm_info: OpenJDK 64-Bit Server VM (11.0.11+9-b60-7590822) for windows-amd64 JRE (11.0.11+9-b60-7590822), built on Jul 29 2021 21:43:44 by "builder" with MS VC++ 14.0 (VS2015)

END.
